c:\users\pc\test\q4\projectile-conversion\idlib\idlib.pch
c:\users\pc\test\q4\projectile-conversion\idlib.pdb
c:\users\pc\test\q4\projectile-conversion\idlib.idb
c:\users\pc\test\q4\projectile-conversion\idlib\lib.obj
c:\users\pc\test\q4\projectile-conversion\idlib\jointtransform.obj
c:\users\pc\test\q4\projectile-conversion\idlib\hashindex.obj
c:\users\pc\test\q4\projectile-conversion\idlib\sphere.obj
c:\users\pc\test\q4\projectile-conversion\idlib\frustum.obj
c:\users\pc\test\q4\projectile-conversion\idlib\box.obj
c:\users\pc\test\q4\projectile-conversion\idlib\bounds.obj
c:\users\pc\test\q4\projectile-conversion\idlib\token.obj
c:\users\pc\test\q4\projectile-conversion\idlib\timingcollection.obj
c:\users\pc\test\q4\projectile-conversion\idlib\timer.obj
c:\users\pc\test\q4\projectile-conversion\idlib\textcompiler.obj
c:\users\pc\test\q4\projectile-conversion\idlib\str.obj
c:\users\pc\test\q4\projectile-conversion\idlib\parser.obj
c:\users\pc\test\q4\projectile-conversion\idlib\lexerfactory.obj
c:\users\pc\test\q4\projectile-conversion\idlib\lexer.obj
c:\users\pc\test\q4\projectile-conversion\idlib\langdict.obj
c:\users\pc\test\q4\projectile-conversion\idlib\heap.obj
c:\users\pc\test\q4\projectile-conversion\idlib\dict.obj
c:\users\pc\test\q4\projectile-conversion\idlib\cmdargs.obj
c:\users\pc\test\q4\projectile-conversion\idlib\bitmsg.obj
c:\users\pc\test\q4\projectile-conversion\idlib\base64.obj
c:\users\pc\test\q4\projectile-conversion\idlib\matrix.obj
c:\users\pc\test\q4\projectile-conversion\idlib\math.obj
c:\users\pc\test\q4\projectile-conversion\idlib\lcp.obj
c:\users\pc\test\q4\projectile-conversion\idlib\fft.obj
c:\users\pc\test\q4\projectile-conversion\idlib\complex.obj
c:\users\pc\test\q4\projectile-conversion\idlib\angles.obj
c:\users\pc\test\q4\projectile-conversion\idlib\mapfile.obj
c:\users\pc\test\q4\projectile-conversion\idlib\md5.obj
c:\users\pc\test\q4\projectile-conversion\idlib\md4.obj
c:\users\pc\test\q4\projectile-conversion\idlib\honeyman.obj
c:\users\pc\test\q4\projectile-conversion\idlib\crc8.obj
c:\users\pc\test\q4\projectile-conversion\idlib\crc32.obj
c:\users\pc\test\q4\projectile-conversion\idlib\crc16.obj
c:\users\pc\test\q4\projectile-conversion\idlib\winding2d.obj
c:\users\pc\test\q4\projectile-conversion\idlib\winding.obj
c:\users\pc\test\q4\projectile-conversion\idlib\tracemodel.obj
c:\users\pc\test\q4\projectile-conversion\idlib\surface_sweptspline.obj
c:\users\pc\test\q4\projectile-conversion\idlib\surface_polytope.obj
c:\users\pc\test\q4\projectile-conversion\idlib\surface_patch.obj
c:\users\pc\test\q4\projectile-conversion\idlib\surface.obj
c:\users\pc\test\q4\projectile-conversion\idlib\rvmemsys.obj
c:\users\pc\test\q4\projectile-conversion\idlib\rvheaparena.obj
c:\users\pc\test\q4\projectile-conversion\idlib\rvheap.obj
c:\users\pc\test\q4\projectile-conversion\idlib\vector.obj
c:\users\pc\test\q4\projectile-conversion\idlib\simd_generic.obj
c:\users\pc\test\q4\projectile-conversion\idlib\simd_sse3.obj
c:\users\pc\test\q4\projectile-conversion\idlib\simd_sse2.obj
c:\users\pc\test\q4\projectile-conversion\idlib\simd_sse.obj
c:\users\pc\test\q4\projectile-conversion\idlib\simd_mmx.obj
c:\users\pc\test\q4\projectile-conversion\idlib\simd_3dnow.obj
c:\users\pc\test\q4\projectile-conversion\idlib\simd.obj
c:\users\pc\test\q4\projectile-conversion\idlib\rotation.obj
c:\users\pc\test\q4\projectile-conversion\idlib\radians.obj
c:\users\pc\test\q4\projectile-conversion\idlib\quat.obj
c:\users\pc\test\q4\projectile-conversion\idlib\polynomial.obj
c:\users\pc\test\q4\projectile-conversion\idlib\pluecker.obj
c:\users\pc\test\q4\projectile-conversion\idlib\plane.obj
c:\users\pc\test\q4\projectile-conversion\idlib\ode.obj
c:\users\pc\test\q4a\projectile-conversion\idlib\idlib.pch
c:\users\pc\test\q4a\projectile-conversion\idlib.pdb
c:\users\pc\test\q4a\projectile-conversion\idlib.idb
c:\users\pc\test\q4a\projectile-conversion\idlib\lib.obj
c:\users\pc\test\q4a\projectile-conversion\idlib\box.obj
c:\users\pc\test\q4a\projectile-conversion\idlib\bounds.obj
c:\users\pc\test\q4a\projectile-conversion\idlib\token.obj
c:\users\pc\test\q4a\projectile-conversion\idlib\timingcollection.obj
c:\users\pc\test\q4a\projectile-conversion\idlib\timer.obj
c:\users\pc\test\q4a\projectile-conversion\idlib\textcompiler.obj
c:\users\pc\test\q4a\projectile-conversion\idlib\str.obj
c:\users\pc\test\q4a\projectile-conversion\idlib\rvmemsys.obj
c:\users\pc\test\q4a\projectile-conversion\idlib\rvheaparena.obj
c:\users\pc\test\q4a\projectile-conversion\idlib\rvheap.obj
c:\users\pc\test\q4a\projectile-conversion\idlib\parser.obj
c:\users\pc\test\q4a\projectile-conversion\idlib\mapfile.obj
c:\users\pc\test\q4a\projectile-conversion\idlib\lexerfactory.obj
c:\users\pc\test\q4a\projectile-conversion\idlib\lexer.obj
c:\users\pc\test\q4a\projectile-conversion\idlib\langdict.obj
c:\users\pc\test\q4a\projectile-conversion\idlib\heap.obj
c:\users\pc\test\q4a\projectile-conversion\idlib\dict.obj
c:\users\pc\test\q4a\projectile-conversion\idlib\cmdargs.obj
c:\users\pc\test\q4a\projectile-conversion\idlib\bitmsg.obj
c:\users\pc\test\q4a\projectile-conversion\idlib\base64.obj
c:\users\pc\test\q4a\projectile-conversion\idlib\pluecker.obj
c:\users\pc\test\q4a\projectile-conversion\idlib\plane.obj
c:\users\pc\test\q4a\projectile-conversion\idlib\ode.obj
c:\users\pc\test\q4a\projectile-conversion\idlib\matrix.obj
c:\users\pc\test\q4a\projectile-conversion\idlib\math.obj
c:\users\pc\test\q4a\projectile-conversion\idlib\lcp.obj
c:\users\pc\test\q4a\projectile-conversion\idlib\fft.obj
c:\users\pc\test\q4a\projectile-conversion\idlib\complex.obj
c:\users\pc\test\q4a\projectile-conversion\idlib\angles.obj
c:\users\pc\test\q4a\projectile-conversion\idlib\winding2d.obj
c:\users\pc\test\q4a\projectile-conversion\idlib\winding.obj
c:\users\pc\test\q4a\projectile-conversion\idlib\tracemodel.obj
c:\users\pc\test\q4a\projectile-conversion\idlib\surface_sweptspline.obj
c:\users\pc\test\q4a\projectile-conversion\idlib\surface_polytope.obj
c:\users\pc\test\q4a\projectile-conversion\idlib\surface_patch.obj
c:\users\pc\test\q4a\projectile-conversion\idlib\surface.obj
c:\users\pc\test\q4a\projectile-conversion\idlib\jointtransform.obj
c:\users\pc\test\q4a\projectile-conversion\idlib\hashindex.obj
c:\users\pc\test\q4a\projectile-conversion\idlib\sphere.obj
c:\users\pc\test\q4a\projectile-conversion\idlib\frustum.obj
c:\users\pc\test\q4a\projectile-conversion\idlib\md5.obj
c:\users\pc\test\q4a\projectile-conversion\idlib\md4.obj
c:\users\pc\test\q4a\projectile-conversion\idlib\honeyman.obj
c:\users\pc\test\q4a\projectile-conversion\idlib\crc8.obj
c:\users\pc\test\q4a\projectile-conversion\idlib\crc32.obj
c:\users\pc\test\q4a\projectile-conversion\idlib\crc16.obj
c:\users\pc\test\q4a\projectile-conversion\idlib\vector.obj
c:\users\pc\test\q4a\projectile-conversion\idlib\simd_sse3.obj
c:\users\pc\test\q4a\projectile-conversion\idlib\simd_sse2.obj
c:\users\pc\test\q4a\projectile-conversion\idlib\simd_sse.obj
c:\users\pc\test\q4a\projectile-conversion\idlib\simd_mmx.obj
c:\users\pc\test\q4a\projectile-conversion\idlib\simd_generic.obj
c:\users\pc\test\q4a\projectile-conversion\idlib\simd_3dnow.obj
c:\users\pc\test\q4a\projectile-conversion\idlib\simd.obj
c:\users\pc\test\q4a\projectile-conversion\idlib\rotation.obj
c:\users\pc\test\q4a\projectile-conversion\idlib\radians.obj
c:\users\pc\test\q4a\projectile-conversion\idlib\quat.obj
c:\users\pc\test\q4a\projectile-conversion\idlib\polynomial.obj
c:\users\pc\test\q4\projectile-conversion\idlib.lib
c:\users\pc\test\q4a\projectile-conversion\idlib.lib
c:\users\pc\test\q4a\projectile-conversion\gamex86.ilk
c:\users\pc\test\q4a\projectile-conversion\gamex86.exp
c:\users\pc\test\q4a\projectile-conversion\gamex86.idb
c:\users\pc\test\q4a\projectile-conversion\gamex86.pdb
c:\users\pc\test\q4a\projectile-conversion\../projectile-conversion/idlib.pdb
c:\users\pc\test\q4a\game-mod-q4\../projectile-conversion/idlib.lib
c:\users\pc\test\q4a\projectile-conversion\idlib.tlog\cl.command.1.tlog
c:\users\pc\test\q4a\projectile-conversion\idlib.tlog\cl.read.1.tlog
c:\users\pc\test\q4a\projectile-conversion\idlib.tlog\cl.write.1.tlog
c:\users\pc\test\q4a\projectile-conversion\idlib.tlog\lib-link.read.1.tlog
c:\users\pc\test\q4a\projectile-conversion\idlib.tlog\lib-link.write.1.tlog
c:\users\pc\test\q4a\projectile-conversion\idlib.tlog\lib.command.1.tlog
