C:\Program Files (x86)\MSBuild\Microsoft.Cpp\v4.0\V120\Microsoft.CppBuild.targets(381,5): warning MSB8028: The intermediate directory (../projectile-conversion/) contains files shared from another project (Game.vcxproj).  This can lead to incorrect clean and rebuild behavior.
  Lib.cpp
c:\users\k\git\q4\game-mod-q4\idlib\lib.h(120): warning C4996: 'strcpy': This function or variable may be unsafe. Consider using strcpy_s instead. To disable deprecation, use _CRT_SECURE_NO_WARNINGS. See online help for details.
          e:\visual studio\vc\include\string.h(112) : see declaration of 'strcpy'
c:\users\k\git\q4\game-mod-q4\idlib\str.h(406): warning C4996: 'strcpy': This function or variable may be unsafe. Consider using strcpy_s instead. To disable deprecation, use _CRT_SECURE_NO_WARNINGS. See online help for details.
          e:\visual studio\vc\include\string.h(112) : see declaration of 'strcpy'
c:\users\k\git\q4\game-mod-q4\idlib\str.h(446): warning C4996: 'strcpy': This function or variable may be unsafe. Consider using strcpy_s instead. To disable deprecation, use _CRT_SECURE_NO_WARNINGS. See online help for details.
          e:\visual studio\vc\include\string.h(112) : see declaration of 'strcpy'
c:\users\k\git\q4\game-mod-q4\idlib\str.h(501): warning C4996: 'sprintf': This function or variable may be unsafe. Consider using sprintf_s instead. To disable deprecation, use _CRT_SECURE_NO_WARNINGS. See online help for details.
          e:\visual studio\vc\include\stdio.h(356) : see declaration of 'sprintf'
c:\users\k\git\q4\game-mod-q4\idlib\str.h(503): warning C4996: 'strcpy': This function or variable may be unsafe. Consider using strcpy_s instead. To disable deprecation, use _CRT_SECURE_NO_WARNINGS. See online help for details.
          e:\visual studio\vc\include\string.h(112) : see declaration of 'strcpy'
c:\users\k\git\q4\game-mod-q4\idlib\str.h(512): warning C4996: 'sprintf': This function or variable may be unsafe. Consider using sprintf_s instead. To disable deprecation, use _CRT_SECURE_NO_WARNINGS. See online help for details.
          e:\visual studio\vc\include\stdio.h(356) : see declaration of 'sprintf'
c:\users\k\git\q4\game-mod-q4\idlib\str.h(514): warning C4996: 'strcpy': This function or variable may be unsafe. Consider using strcpy_s instead. To disable deprecation, use _CRT_SECURE_NO_WARNINGS. See online help for details.
          e:\visual studio\vc\include\string.h(112) : see declaration of 'strcpy'
c:\users\k\git\q4\game-mod-q4\idlib\str.h(527): warning C4996: 'strcpy': This function or variable may be unsafe. Consider using strcpy_s instead. To disable deprecation, use _CRT_SECURE_NO_WARNINGS. See online help for details.
          e:\visual studio\vc\include\string.h(112) : see declaration of 'strcpy'
c:\users\k\git\q4\game-mod-q4\idlib\str.h(605): warning C4996: 'sprintf': This function or variable may be unsafe. Consider using sprintf_s instead. To disable deprecation, use _CRT_SECURE_NO_WARNINGS. See online help for details.
          e:\visual studio\vc\include\stdio.h(356) : see declaration of 'sprintf'
c:\users\k\git\q4\game-mod-q4\idlib\str.h(615): warning C4996: 'sprintf': This function or variable may be unsafe. Consider using sprintf_s instead. To disable deprecation, use _CRT_SECURE_NO_WARNINGS. See online help for details.
          e:\visual studio\vc\include\stdio.h(356) : see declaration of 'sprintf'
c:\users\k\git\q4\game-mod-q4\idlib\str.h(625): warning C4996: 'sprintf': This function or variable may be unsafe. Consider using sprintf_s instead. To disable deprecation, use _CRT_SECURE_NO_WARNINGS. See online help for details.
          e:\visual studio\vc\include\stdio.h(356) : see declaration of 'sprintf'
c:\users\k\git\q4\game-mod-q4\idlib\str.h(634): warning C4996: 'sprintf': This function or variable may be unsafe. Consider using sprintf_s instead. To disable deprecation, use _CRT_SECURE_NO_WARNINGS. See online help for details.
          e:\visual studio\vc\include\stdio.h(356) : see declaration of 'sprintf'
c:\users\k\git\q4\game-mod-q4\idlib\str.h(643): warning C4996: 'sprintf': This function or variable may be unsafe. Consider using sprintf_s instead. To disable deprecation, use _CRT_SECURE_NO_WARNINGS. See online help for details.
          e:\visual studio\vc\include\stdio.h(356) : see declaration of 'sprintf'
c:\users\k\git\q4\game-mod-q4\idlib\str.h(652): warning C4996: 'sprintf': This function or variable may be unsafe. Consider using sprintf_s instead. To disable deprecation, use _CRT_SECURE_NO_WARNINGS. See online help for details.
          e:\visual studio\vc\include\stdio.h(356) : see declaration of 'sprintf'
c:\users\k\git\q4\game-mod-q4\idlib\base64.h(80): warning C4996: 'strcpy': This function or variable may be unsafe. Consider using strcpy_s instead. To disable deprecation, use _CRT_SECURE_NO_WARNINGS. See online help for details.
          e:\visual studio\vc\include\string.h(112) : see declaration of 'strcpy'
c:\users\k\git\q4\game-mod-q4\game\script\script_interpreter.h(151): warning C4996: 'sprintf': This function or variable may be unsafe. Consider using sprintf_s instead. To disable deprecation, use _CRT_SECURE_NO_WARNINGS. See online help for details.
          e:\visual studio\vc\include\stdio.h(356) : see declaration of 'sprintf'
c:\users\k\git\q4\game-mod-q4\game\script\script_interpreter.h(153): warning C4996: 'sprintf': This function or variable may be unsafe. Consider using sprintf_s instead. To disable deprecation, use _CRT_SECURE_NO_WARNINGS. See online help for details.
          e:\visual studio\vc\include\stdio.h(356) : see declaration of 'sprintf'
  Base64.cpp
  BitMsg.cpp
  CmdArgs.cpp
c:\users\k\git\q4\game-mod-q4\idlib\cmdargs.cpp(2): warning C4627: '#include "../idlib/precompiled.h"': skipped when looking for precompiled header use
          Add directive to 'precompiled header (.h) file' or rebuild precompiled header
c:\users\k\git\q4\game-mod-q4\idlib\cmdargs.cpp(36): warning C4996: 'strcat': This function or variable may be unsafe. Consider using strcat_s instead. To disable deprecation, use _CRT_SECURE_NO_WARNINGS. See online help for details.
          e:\visual studio\vc\include\string.h(118) : see declaration of 'strcat'
c:\users\k\git\q4\game-mod-q4\idlib\cmdargs.cpp(41): warning C4996: 'strcat': This function or variable may be unsafe. Consider using strcat_s instead. To disable deprecation, use _CRT_SECURE_NO_WARNINGS. See online help for details.
          e:\visual studio\vc\include\string.h(118) : see declaration of 'strcat'
c:\users\k\git\q4\game-mod-q4\idlib\cmdargs.cpp(43): warning C4996: 'strcat': This function or variable may be unsafe. Consider using strcat_s instead. To disable deprecation, use _CRT_SECURE_NO_WARNINGS. See online help for details.
          e:\visual studio\vc\include\string.h(118) : see declaration of 'strcat'
c:\users\k\git\q4\game-mod-q4\idlib\cmdargs.cpp(50): warning C4996: 'strcat': This function or variable may be unsafe. Consider using strcat_s instead. To disable deprecation, use _CRT_SECURE_NO_WARNINGS. See online help for details.
          e:\visual studio\vc\include\string.h(118) : see declaration of 'strcat'
c:\users\k\git\q4\game-mod-q4\idlib\cmdargs.cpp(59): warning C4996: 'strcat': This function or variable may be unsafe. Consider using strcat_s instead. To disable deprecation, use _CRT_SECURE_NO_WARNINGS. See online help for details.
          e:\visual studio\vc\include\string.h(118) : see declaration of 'strcat'
c:\users\k\git\q4\game-mod-q4\idlib\cmdargs.cpp(63): warning C4996: 'strcat': This function or variable may be unsafe. Consider using strcat_s instead. To disable deprecation, use _CRT_SECURE_NO_WARNINGS. See online help for details.
          e:\visual studio\vc\include\string.h(118) : see declaration of 'strcat'
  Dict.cpp
c:\users\k\git\q4\game-mod-q4\idlib\dict.cpp(338): warning C4996: 'sscanf': This function or variable may be unsafe. Consider using sscanf_s instead. To disable deprecation, use _CRT_SECURE_NO_WARNINGS. See online help for details.
          e:\visual studio\vc\include\stdio.h(304) : see declaration of 'sscanf'
c:\users\k\git\q4\game-mod-q4\idlib\dict.cpp(357): warning C4996: 'sscanf': This function or variable may be unsafe. Consider using sscanf_s instead. To disable deprecation, use _CRT_SECURE_NO_WARNINGS. See online help for details.
          e:\visual studio\vc\include\stdio.h(304) : see declaration of 'sscanf'
c:\users\k\git\q4\game-mod-q4\idlib\dict.cpp(376): warning C4996: 'sscanf': This function or variable may be unsafe. Consider using sscanf_s instead. To disable deprecation, use _CRT_SECURE_NO_WARNINGS. See online help for details.
          e:\visual studio\vc\include\stdio.h(304) : see declaration of 'sscanf'
c:\users\k\git\q4\game-mod-q4\idlib\dict.cpp(395): warning C4996: 'sscanf': This function or variable may be unsafe. Consider using sscanf_s instead. To disable deprecation, use _CRT_SECURE_NO_WARNINGS. See online help for details.
          e:\visual studio\vc\include\stdio.h(304) : see declaration of 'sscanf'
c:\users\k\git\q4\game-mod-q4\idlib\dict.cpp(414): warning C4996: 'sscanf': This function or variable may be unsafe. Consider using sscanf_s instead. To disable deprecation, use _CRT_SECURE_NO_WARNINGS. See online help for details.
          e:\visual studio\vc\include\stdio.h(304) : see declaration of 'sscanf'
  Heap.cpp
c:\users\k\git\q4\game-mod-q4\idlib\heap.cpp(2): warning C4627: '#include "../idlib/precompiled.h"': skipped when looking for precompiled header use
          Add directive to 'precompiled header (.h) file' or rebuild precompiled header
c:\users\k\git\q4\game-mod-q4\idlib\heap.cpp(1639): warning C4996: 'strcpy': This function or variable may be unsafe. Consider using strcpy_s instead. To disable deprecation, use _CRT_SECURE_NO_WARNINGS. See online help for details.
          e:\visual studio\vc\include\string.h(112) : see declaration of 'strcpy'
  LangDict.cpp
  Lexer.cpp
c:\users\k\git\q4\game-mod-q4\idlib\lexer.cpp(625): warning C4996: 'vsprintf': This function or variable may be unsafe. Consider using vsprintf_s instead. To disable deprecation, use _CRT_SECURE_NO_WARNINGS. See online help for details.
          e:\visual studio\vc\include\stdio.h(356) : see declaration of 'vsprintf'
c:\users\k\git\q4\game-mod-q4\idlib\lexer.cpp(649): warning C4996: 'vsprintf': This function or variable may be unsafe. Consider using vsprintf_s instead. To disable deprecation, use _CRT_SECURE_NO_WARNINGS. See online help for details.
          e:\visual studio\vc\include\stdio.h(356) : see declaration of 'vsprintf'
c:\users\k\git\q4\game-mod-q4\idlib\lexer.cpp(2750): warning C4996: 'vsprintf': This function or variable may be unsafe. Consider using vsprintf_s instead. To disable deprecation, use _CRT_SECURE_NO_WARNINGS. See online help for details.
          e:\visual studio\vc\include\stdio.h(356) : see declaration of 'vsprintf'
c:\users\k\git\q4\game-mod-q4\idlib\lexer.cpp(2761): warning C4996: 'vsprintf': This function or variable may be unsafe. Consider using vsprintf_s instead. To disable deprecation, use _CRT_SECURE_NO_WARNINGS. See online help for details.
          e:\visual studio\vc\include\stdio.h(356) : see declaration of 'vsprintf'
  LexerFactory.cpp
  mapfile.cpp
c:\users\k\git\q4\game-mod-q4\idlib\mapfile.cpp(726): warning C4996: 'sscanf': This function or variable may be unsafe. Consider using sscanf_s instead. To disable deprecation, use _CRT_SECURE_NO_WARNINGS. See online help for details.
          e:\visual studio\vc\include\stdio.h(304) : see declaration of 'sscanf'
c:\users\k\git\q4\game-mod-q4\idlib\mapfile.cpp(1197): warning C4996: 'sprintf': This function or variable may be unsafe. Consider using sprintf_s instead. To disable deprecation, use _CRT_SECURE_NO_WARNINGS. See online help for details.
          e:\visual studio\vc\include\stdio.h(356) : see declaration of 'sprintf'
c:\users\k\git\q4\game-mod-q4\idlib\mapfile.cpp(1307): warning C4996: 'sprintf': This function or variable may be unsafe. Consider using sprintf_s instead. To disable deprecation, use _CRT_SECURE_NO_WARNINGS. See online help for details.
          e:\visual studio\vc\include\stdio.h(356) : see declaration of 'sprintf'
  Parser.cpp
c:\users\k\git\q4\game-mod-q4\idlib\parser.cpp(218): warning C4996: 'strcpy': This function or variable may be unsafe. Consider using strcpy_s instead. To disable deprecation, use _CRT_SECURE_NO_WARNINGS. See online help for details.
          e:\visual studio\vc\include\string.h(112) : see declaration of 'strcpy'
c:\users\k\git\q4\game-mod-q4\idlib\parser.cpp(301): warning C4996: 'vsprintf': This function or variable may be unsafe. Consider using vsprintf_s instead. To disable deprecation, use _CRT_SECURE_NO_WARNINGS. See online help for details.
          e:\visual studio\vc\include\stdio.h(356) : see declaration of 'vsprintf'
c:\users\k\git\q4\game-mod-q4\idlib\parser.cpp(318): warning C4996: 'vsprintf': This function or variable may be unsafe. Consider using vsprintf_s instead. To disable deprecation, use _CRT_SECURE_NO_WARNINGS. See online help for details.
          e:\visual studio\vc\include\stdio.h(356) : see declaration of 'vsprintf'
c:\users\k\git\q4\game-mod-q4\idlib\parser.cpp(626): warning C4996: 'strcpy': This function or variable may be unsafe. Consider using strcpy_s instead. To disable deprecation, use _CRT_SECURE_NO_WARNINGS. See online help for details.
          e:\visual studio\vc\include\string.h(112) : see declaration of 'strcpy'
c:\users\k\git\q4\game-mod-q4\idlib\parser.cpp(667): warning C4996: 'sprintf': This function or variable may be unsafe. Consider using sprintf_s instead. To disable deprecation, use _CRT_SECURE_NO_WARNINGS. See online help for details.
          e:\visual studio\vc\include\stdio.h(356) : see declaration of 'sprintf'
c:\users\k\git\q4\game-mod-q4\idlib\parser.cpp(693): warning C4996: 'ctime': This function or variable may be unsafe. Consider using ctime_s instead. To disable deprecation, use _CRT_SECURE_NO_WARNINGS. See online help for details.
          e:\visual studio\vc\include\time.inl(86) : see declaration of 'ctime'
c:\users\k\git\q4\game-mod-q4\idlib\parser.cpp(712): warning C4996: 'ctime': This function or variable may be unsafe. Consider using ctime_s instead. To disable deprecation, use _CRT_SECURE_NO_WARNINGS. See online help for details.
          e:\visual studio\vc\include\time.inl(86) : see declaration of 'ctime'
c:\users\k\git\q4\game-mod-q4\idlib\parser.cpp(1084): warning C4996: 'strcpy': This function or variable may be unsafe. Consider using strcpy_s instead. To disable deprecation, use _CRT_SECURE_NO_WARNINGS. See online help for details.
          e:\visual studio\vc\include\string.h(112) : see declaration of 'strcpy'
c:\users\k\git\q4\game-mod-q4\idlib\parser.cpp(2110): warning C4996: 'sprintf': This function or variable may be unsafe. Consider using sprintf_s instead. To disable deprecation, use _CRT_SECURE_NO_WARNINGS. See online help for details.
          e:\visual studio\vc\include\stdio.h(356) : see declaration of 'sprintf'
c:\users\k\git\q4\game-mod-q4\idlib\parser.cpp(2140): warning C4996: 'sprintf': This function or variable may be unsafe. Consider using sprintf_s instead. To disable deprecation, use _CRT_SECURE_NO_WARNINGS. See online help for details.
          e:\visual studio\vc\include\stdio.h(356) : see declaration of 'sprintf'
c:\users\k\git\q4\game-mod-q4\idlib\parser.cpp(2249): warning C4996: 'sprintf': This function or variable may be unsafe. Consider using sprintf_s instead. To disable deprecation, use _CRT_SECURE_NO_WARNINGS. See online help for details.
          e:\visual studio\vc\include\stdio.h(356) : see declaration of 'sprintf'
c:\users\k\git\q4\game-mod-q4\idlib\parser.cpp(2281): warning C4996: 'sprintf': This function or variable may be unsafe. Consider using sprintf_s instead. To disable deprecation, use _CRT_SECURE_NO_WARNINGS. See online help for details.
          e:\visual studio\vc\include\stdio.h(356) : see declaration of 'sprintf'
  rvHeap.cpp
c:\users\k\git\q4\game-mod-q4\idlib\rvheap.cpp(7): warning C4627: '#include "../idlib/precompiled.h"': skipped when looking for precompiled header use
          Add directive to 'precompiled header (.h) file' or rebuild precompiled header
  rvHeapArena.cpp
c:\users\k\git\q4\game-mod-q4\idlib\rvheaparena.cpp(7): warning C4627: '#include "../idlib/precompiled.h"': skipped when looking for precompiled header use
          Add directive to 'precompiled header (.h) file' or rebuild precompiled header
  rvMemSys.cpp
c:\users\k\git\q4\game-mod-q4\idlib\rvmemsys.cpp(7): warning C4627: '#include "../idlib/precompiled.h"': skipped when looking for precompiled header use
          Add directive to 'precompiled header (.h) file' or rebuild precompiled header
  Str.cpp
c:\users\k\git\q4\game-mod-q4\idlib\str.cpp(217): warning C4996: 'strcpy': This function or variable may be unsafe. Consider using strcpy_s instead. To disable deprecation, use _CRT_SECURE_NO_WARNINGS. See online help for details.
          e:\visual studio\vc\include\string.h(112) : see declaration of 'strcpy'
c:\users\k\git\q4\game-mod-q4\idlib\str.cpp(298): warning C4996: 'strcpy': This function or variable may be unsafe. Consider using strcpy_s instead. To disable deprecation, use _CRT_SECURE_NO_WARNINGS. See online help for details.
          e:\visual studio\vc\include\string.h(112) : see declaration of 'strcpy'
c:\users\k\git\q4\game-mod-q4\idlib\str.cpp(1685): warning C4996: 'strncpy': This function or variable may be unsafe. Consider using strncpy_s instead. To disable deprecation, use _CRT_SECURE_NO_WARNINGS. See online help for details.
          e:\visual studio\vc\include\string.h(195) : see declaration of 'strncpy'
c:\users\k\git\q4\game-mod-q4\idlib\str.cpp(1849): warning C4996: 'vsprintf': This function or variable may be unsafe. Consider using vsprintf_s instead. To disable deprecation, use _CRT_SECURE_NO_WARNINGS. See online help for details.
          e:\visual studio\vc\include\stdio.h(356) : see declaration of 'vsprintf'
c:\users\k\git\q4\game-mod-q4\idlib\str.cpp(1885): warning C4996: '_vsnprintf': This function or variable may be unsafe. Consider using _vsnprintf_s instead. To disable deprecation, use _CRT_SECURE_NO_WARNINGS. See online help for details.
          e:\visual studio\vc\include\stdio.h(346) : see declaration of '_vsnprintf'
c:\users\k\git\q4\game-mod-q4\idlib\str.cpp(1959): warning C4996: 'vsprintf': This function or variable may be unsafe. Consider using vsprintf_s instead. To disable deprecation, use _CRT_SECURE_NO_WARNINGS. See online help for details.
          e:\visual studio\vc\include\stdio.h(356) : see declaration of 'vsprintf'
  TextCompiler.cpp
  Timer.cpp
  TimingCollection.cpp
c:\users\k\git\q4\game-mod-q4\idlib\timingcollection.cpp(78): warning C4996: 'sprintf': This function or variable may be unsafe. Consider using sprintf_s instead. To disable deprecation, use _CRT_SECURE_NO_WARNINGS. See online help for details.
          e:\visual studio\vc\include\stdio.h(356) : see declaration of 'sprintf'
c:\users\k\git\q4\game-mod-q4\idlib\timingcollection.cpp(92): warning C4996: 'sprintf': This function or variable may be unsafe. Consider using sprintf_s instead. To disable deprecation, use _CRT_SECURE_NO_WARNINGS. See online help for details.
          e:\visual studio\vc\include\stdio.h(356) : see declaration of 'sprintf'
c:\users\k\git\q4\game-mod-q4\idlib\timingcollection.cpp(95): warning C4996: 'sprintf': This function or variable may be unsafe. Consider using sprintf_s instead. To disable deprecation, use _CRT_SECURE_NO_WARNINGS. See online help for details.
          e:\visual studio\vc\include\stdio.h(356) : see declaration of 'sprintf'
c:\users\k\git\q4\game-mod-q4\idlib\timingcollection.cpp(200): warning C4996: 'sprintf': This function or variable may be unsafe. Consider using sprintf_s instead. To disable deprecation, use _CRT_SECURE_NO_WARNINGS. See online help for details.
          e:\visual studio\vc\include\stdio.h(356) : see declaration of 'sprintf'
c:\users\k\git\q4\game-mod-q4\idlib\timingcollection.cpp(204): warning C4996: 'sprintf': This function or variable may be unsafe. Consider using sprintf_s instead. To disable deprecation, use _CRT_SECURE_NO_WARNINGS. See online help for details.
          e:\visual studio\vc\include\stdio.h(356) : see declaration of 'sprintf'
c:\users\k\git\q4\game-mod-q4\idlib\timingcollection.cpp(212): warning C4996: 'sprintf': This function or variable may be unsafe. Consider using sprintf_s instead. To disable deprecation, use _CRT_SECURE_NO_WARNINGS. See online help for details.
          e:\visual studio\vc\include\stdio.h(356) : see declaration of 'sprintf'
c:\users\k\git\q4\game-mod-q4\idlib\timingcollection.cpp(217): warning C4996: 'sprintf': This function or variable may be unsafe. Consider using sprintf_s instead. To disable deprecation, use _CRT_SECURE_NO_WARNINGS. See online help for details.
          e:\visual studio\vc\include\stdio.h(356) : see declaration of 'sprintf'
  Token.cpp
  Bounds.cpp
c:\users\k\git\q4\game-mod-q4\idlib\bv\bounds.cpp(2): warning C4627: '#include "../precompiled.h"': skipped when looking for precompiled header use
          Add directive to 'precompiled header (.h) file' or rebuild precompiled header
  Box.cpp
c:\users\k\git\q4\game-mod-q4\idlib\bv\box.cpp(2): warning C4627: '#include "../precompiled.h"': skipped when looking for precompiled header use
          Add directive to 'precompiled header (.h) file' or rebuild precompiled header
  Generating Code...
  Compiling...
  Frustum.cpp
c:\users\k\git\q4\game-mod-q4\idlib\bv\frustum.cpp(2): warning C4627: '#include "../precompiled.h"': skipped when looking for precompiled header use
          Add directive to 'precompiled header (.h) file' or rebuild precompiled header
  Sphere.cpp
c:\users\k\git\q4\game-mod-q4\idlib\bv\sphere.cpp(2): warning C4627: '#include "../precompiled.h"': skipped when looking for precompiled header use
          Add directive to 'precompiled header (.h) file' or rebuild precompiled header
  HashIndex.cpp
c:\users\k\git\q4\game-mod-q4\idlib\containers\hashindex.cpp(2): warning C4627: '#include "../precompiled.h"': skipped when looking for precompiled header use
          Add directive to 'precompiled header (.h) file' or rebuild precompiled header
  JointTransform.cpp
c:\users\k\git\q4\game-mod-q4\idlib\geometry\jointtransform.cpp(2): warning C4627: '#include "../precompiled.h"': skipped when looking for precompiled header use
          Add directive to 'precompiled header (.h) file' or rebuild precompiled header
  Surface.cpp
c:\users\k\git\q4\game-mod-q4\idlib\geometry\surface.cpp(2): warning C4627: '#include "../precompiled.h"': skipped when looking for precompiled header use
          Add directive to 'precompiled header (.h) file' or rebuild precompiled header
  Surface_Patch.cpp
c:\users\k\git\q4\game-mod-q4\idlib\geometry\surface_patch.cpp(2): warning C4627: '#include "../precompiled.h"': skipped when looking for precompiled header use
          Add directive to 'precompiled header (.h) file' or rebuild precompiled header
  Surface_Polytope.cpp
c:\users\k\git\q4\game-mod-q4\idlib\geometry\surface_polytope.cpp(2): warning C4627: '#include "../precompiled.h"': skipped when looking for precompiled header use
          Add directive to 'precompiled header (.h) file' or rebuild precompiled header
  Surface_SweptSpline.cpp
c:\users\k\git\q4\game-mod-q4\idlib\geometry\surface_sweptspline.cpp(2): warning C4627: '#include "../precompiled.h"': skipped when looking for precompiled header use
          Add directive to 'precompiled header (.h) file' or rebuild precompiled header
  TraceModel.cpp
c:\users\k\git\q4\game-mod-q4\idlib\geometry\tracemodel.cpp(2): warning C4627: '#include "../../idlib/precompiled.h"': skipped when looking for precompiled header use
          Add directive to 'precompiled header (.h) file' or rebuild precompiled header
  Winding.cpp
c:\users\k\git\q4\game-mod-q4\idlib\geometry\winding.cpp(2): warning C4627: '#include "../precompiled.h"': skipped when looking for precompiled header use
          Add directive to 'precompiled header (.h) file' or rebuild precompiled header
  Winding2D.cpp
c:\users\k\git\q4\game-mod-q4\idlib\geometry\winding2d.cpp(2): warning C4627: '#include "../precompiled.h"': skipped when looking for precompiled header use
          Add directive to 'precompiled header (.h) file' or rebuild precompiled header
  Angles.cpp
c:\users\k\git\q4\game-mod-q4\idlib\math\angles.cpp(2): warning C4627: '#include "../precompiled.h"': skipped when looking for precompiled header use
          Add directive to 'precompiled header (.h) file' or rebuild precompiled header
  Complex.cpp
c:\users\k\git\q4\game-mod-q4\idlib\math\complex.cpp(2): warning C4627: '#include "../precompiled.h"': skipped when looking for precompiled header use
          Add directive to 'precompiled header (.h) file' or rebuild precompiled header
  FFT.cpp
c:\users\k\git\q4\game-mod-q4\idlib\math\fft.cpp(2): warning C4627: '#include "../precompiled.h"': skipped when looking for precompiled header use
          Add directive to 'precompiled header (.h) file' or rebuild precompiled header
  Lcp.cpp
c:\users\k\git\q4\game-mod-q4\idlib\math\lcp.cpp(2): warning C4627: '#include "../precompiled.h"': skipped when looking for precompiled header use
          Add directive to 'precompiled header (.h) file' or rebuild precompiled header
  Math.cpp
c:\users\k\git\q4\game-mod-q4\idlib\math\math.cpp(2): warning C4627: '#include "../precompiled.h"': skipped when looking for precompiled header use
          Add directive to 'precompiled header (.h) file' or rebuild precompiled header
  Matrix.cpp
c:\users\k\git\q4\game-mod-q4\idlib\math\matrix.cpp(1): warning C4627: '#include "../precompiled.h"': skipped when looking for precompiled header use
          Add directive to 'precompiled header (.h) file' or rebuild precompiled header
  Ode.cpp
c:\users\k\git\q4\game-mod-q4\idlib\math\ode.cpp(2): warning C4627: '#include "../precompiled.h"': skipped when looking for precompiled header use
          Add directive to 'precompiled header (.h) file' or rebuild precompiled header
  Plane.cpp
c:\users\k\git\q4\game-mod-q4\idlib\math\plane.cpp(2): warning C4627: '#include "../precompiled.h"': skipped when looking for precompiled header use
          Add directive to 'precompiled header (.h) file' or rebuild precompiled header
  Pluecker.cpp
c:\users\k\git\q4\game-mod-q4\idlib\math\pluecker.cpp(2): warning C4627: '#include "../precompiled.h"': skipped when looking for precompiled header use
          Add directive to 'precompiled header (.h) file' or rebuild precompiled header
  Generating Code...
  Compiling...
  Polynomial.cpp
c:\users\k\git\q4\game-mod-q4\idlib\math\polynomial.cpp(2): warning C4627: '#include "../precompiled.h"': skipped when looking for precompiled header use
          Add directive to 'precompiled header (.h) file' or rebuild precompiled header
  Quat.cpp
c:\users\k\git\q4\game-mod-q4\idlib\math\quat.cpp(2): warning C4627: '#include "../precompiled.h"': skipped when looking for precompiled header use
          Add directive to 'precompiled header (.h) file' or rebuild precompiled header
  Radians.cpp
c:\users\k\git\q4\game-mod-q4\idlib\math\radians.cpp(1): warning C4627: '#include "../precompiled.h"': skipped when looking for precompiled header use
          Add directive to 'precompiled header (.h) file' or rebuild precompiled header
  Rotation.cpp
c:\users\k\git\q4\game-mod-q4\idlib\math\rotation.cpp(2): warning C4627: '#include "../precompiled.h"': skipped when looking for precompiled header use
          Add directive to 'precompiled header (.h) file' or rebuild precompiled header
  Simd.cpp
c:\users\k\git\q4\game-mod-q4\idlib\math\simd.cpp(2): warning C4627: '#include "../precompiled.h"': skipped when looking for precompiled header use
          Add directive to 'precompiled header (.h) file' or rebuild precompiled header
  Simd_3DNow.cpp
c:\users\k\git\q4\game-mod-q4\idlib\math\simd_3dnow.cpp(2): warning C4627: '#include "../precompiled.h"': skipped when looking for precompiled header use
          Add directive to 'precompiled header (.h) file' or rebuild precompiled header
  Simd_generic.cpp
c:\users\k\git\q4\game-mod-q4\idlib\math\simd_generic.cpp(2): warning C4627: '#include "../precompiled.h"': skipped when looking for precompiled header use
          Add directive to 'precompiled header (.h) file' or rebuild precompiled header
  Simd_MMX.cpp
c:\users\k\git\q4\game-mod-q4\idlib\math\simd_mmx.cpp(1): warning C4627: '#include "../precompiled.h"': skipped when looking for precompiled header use
          Add directive to 'precompiled header (.h) file' or rebuild precompiled header
  Simd_SSE.cpp
c:\users\k\git\q4\game-mod-q4\idlib\math\simd_sse.cpp(1): warning C4627: '#include "../precompiled.h"': skipped when looking for precompiled header use
          Add directive to 'precompiled header (.h) file' or rebuild precompiled header
  Simd_SSE2.cpp
c:\users\k\git\q4\game-mod-q4\idlib\math\simd_sse2.cpp(2): warning C4627: '#include "../precompiled.h"': skipped when looking for precompiled header use
          Add directive to 'precompiled header (.h) file' or rebuild precompiled header
  Simd_SSE3.cpp
c:\users\k\git\q4\game-mod-q4\idlib\math\simd_sse3.cpp(2): warning C4627: '#include "../precompiled.h"': skipped when looking for precompiled header use
          Add directive to 'precompiled header (.h) file' or rebuild precompiled header
  Vector.cpp
c:\users\k\git\q4\game-mod-q4\idlib\math\vector.cpp(2): warning C4627: '#include "../precompiled.h"': skipped when looking for precompiled header use
          Add directive to 'precompiled header (.h) file' or rebuild precompiled header
  CRC16.cpp
c:\users\k\git\q4\game-mod-q4\idlib\hashing\crc16.cpp(2): warning C4627: '#include "../precompiled.h"': skipped when looking for precompiled header use
          Add directive to 'precompiled header (.h) file' or rebuild precompiled header
  CRC32.cpp
c:\users\k\git\q4\game-mod-q4\idlib\hashing\crc32.cpp(2): warning C4627: '#include "../precompiled.h"': skipped when looking for precompiled header use
          Add directive to 'precompiled header (.h) file' or rebuild precompiled header
  CRC8.cpp
c:\users\k\git\q4\game-mod-q4\idlib\hashing\crc8.cpp(2): warning C4627: '#include "../precompiled.h"': skipped when looking for precompiled header use
          Add directive to 'precompiled header (.h) file' or rebuild precompiled header
  Honeyman.cpp
c:\users\k\git\q4\game-mod-q4\idlib\hashing\honeyman.cpp(2): warning C4627: '#include "../precompiled.h"': skipped when looking for precompiled header use
          Add directive to 'precompiled header (.h) file' or rebuild precompiled header
  MD4.cpp
c:\users\k\git\q4\game-mod-q4\idlib\hashing\md4.cpp(2): warning C4627: '#include "../precompiled.h"': skipped when looking for precompiled header use
          Add directive to 'precompiled header (.h) file' or rebuild precompiled header
  MD5.cpp
c:\users\k\git\q4\game-mod-q4\idlib\hashing\md5.cpp(2): warning C4627: '#include "../precompiled.h"': skipped when looking for precompiled header use
          Add directive to 'precompiled header (.h) file' or rebuild precompiled header
  Generating Code...
  idlib.vcxproj -> C:\Users\K\git\Q4\Game-Mod-Q4\../projectile-conversion/idLib.lib
