Build started 2/18/2020 11:21:30 AM.
     1>Project "C:\Users\PC\test\q4\Game-Mod-Q4\idlib.vcxproj" on node 2 (Build target(s)).
     1>C:\Program Files (x86)\MSBuild\Microsoft.Cpp\v4.0\V120\Microsoft.CppBuild.targets(381,5): warning MSB8028: The intermediate directory (../projectile-conversion/) contains files shared from another project (Game.vcxproj).  This can lead to incorrect clean and rebuild behavior.
     1>ClCompile:
         C:\Program Files (x86)\Microsoft Visual Studio 12.0\VC\bin\CL.exe /c /Imssdk/include /ZI /nologo /W4 /WX- /Od /Oy- /D _DEBUG /D _WINDOWS /D Q4SDK /D _MBCS /Gm- /EHsc /RTC1 /MTd /GS /Gy /fp:precise /Zc:wchar_t /Zc:forScope /GR /Yc /Fp"../projectile-conversion/idLib/idLib.pch" /Fo"../projectile-conversion/idLib/" /Fd"../projectile-conversion/idLib.pdb" /Gd /TP /analyze- /errorReport:prompt idlib\Lib.cpp
         Lib.cpp
     1>c:\users\pc\test\q4\game-mod-q4\idlib\lib.h(120): warning C4996: 'strcpy': This function or variable may be unsafe. Consider using strcpy_s instead. To disable deprecation, use _CRT_SECURE_NO_WARNINGS. See online help for details.
                 c:\program files (x86)\microsoft visual studio 12.0\vc\include\string.h(112) : see declaration of 'strcpy'
     1>c:\users\pc\test\q4\game-mod-q4\idlib\str.h(406): warning C4996: 'strcpy': This function or variable may be unsafe. Consider using strcpy_s instead. To disable deprecation, use _CRT_SECURE_NO_WARNINGS. See online help for details.
                 c:\program files (x86)\microsoft visual studio 12.0\vc\include\string.h(112) : see declaration of 'strcpy'
     1>c:\users\pc\test\q4\game-mod-q4\idlib\str.h(446): warning C4996: 'strcpy': This function or variable may be unsafe. Consider using strcpy_s instead. To disable deprecation, use _CRT_SECURE_NO_WARNINGS. See online help for details.
                 c:\program files (x86)\microsoft visual studio 12.0\vc\include\string.h(112) : see declaration of 'strcpy'
     1>c:\users\pc\test\q4\game-mod-q4\idlib\str.h(501): warning C4996: 'sprintf': This function or variable may be unsafe. Consider using sprintf_s instead. To disable deprecation, use _CRT_SECURE_NO_WARNINGS. See online help for details.
                 c:\program files (x86)\microsoft visual studio 12.0\vc\include\stdio.h(356) : see declaration of 'sprintf'
     1>c:\users\pc\test\q4\game-mod-q4\idlib\str.h(503): warning C4996: 'strcpy': This function or variable may be unsafe. Consider using strcpy_s instead. To disable deprecation, use _CRT_SECURE_NO_WARNINGS. See online help for details.
                 c:\program files (x86)\microsoft visual studio 12.0\vc\include\string.h(112) : see declaration of 'strcpy'
     1>c:\users\pc\test\q4\game-mod-q4\idlib\str.h(512): warning C4996: 'sprintf': This function or variable may be unsafe. Consider using sprintf_s instead. To disable deprecation, use _CRT_SECURE_NO_WARNINGS. See online help for details.
                 c:\program files (x86)\microsoft visual studio 12.0\vc\include\stdio.h(356) : see declaration of 'sprintf'
     1>c:\users\pc\test\q4\game-mod-q4\idlib\str.h(514): warning C4996: 'strcpy': This function or variable may be unsafe. Consider using strcpy_s instead. To disable deprecation, use _CRT_SECURE_NO_WARNINGS. See online help for details.
                 c:\program files (x86)\microsoft visual studio 12.0\vc\include\string.h(112) : see declaration of 'strcpy'
     1>c:\users\pc\test\q4\game-mod-q4\idlib\str.h(527): warning C4996: 'strcpy': This function or variable may be unsafe. Consider using strcpy_s instead. To disable deprecation, use _CRT_SECURE_NO_WARNINGS. See online help for details.
                 c:\program files (x86)\microsoft visual studio 12.0\vc\include\string.h(112) : see declaration of 'strcpy'
     1>c:\users\pc\test\q4\game-mod-q4\idlib\str.h(605): warning C4996: 'sprintf': This function or variable may be unsafe. Consider using sprintf_s instead. To disable deprecation, use _CRT_SECURE_NO_WARNINGS. See online help for details.
                 c:\program files (x86)\microsoft visual studio 12.0\vc\include\stdio.h(356) : see declaration of 'sprintf'
     1>c:\users\pc\test\q4\game-mod-q4\idlib\str.h(615): warning C4996: 'sprintf': This function or variable may be unsafe. Consider using sprintf_s instead. To disable deprecation, use _CRT_SECURE_NO_WARNINGS. See online help for details.
                 c:\program files (x86)\microsoft visual studio 12.0\vc\include\stdio.h(356) : see declaration of 'sprintf'
     1>c:\users\pc\test\q4\game-mod-q4\idlib\str.h(625): warning C4996: 'sprintf': This function or variable may be unsafe. Consider using sprintf_s instead. To disable deprecation, use _CRT_SECURE_NO_WARNINGS. See online help for details.
                 c:\program files (x86)\microsoft visual studio 12.0\vc\include\stdio.h(356) : see declaration of 'sprintf'
     1>c:\users\pc\test\q4\game-mod-q4\idlib\str.h(634): warning C4996: 'sprintf': This function or variable may be unsafe. Consider using sprintf_s instead. To disable deprecation, use _CRT_SECURE_NO_WARNINGS. See online help for details.
                 c:\program files (x86)\microsoft visual studio 12.0\vc\include\stdio.h(356) : see declaration of 'sprintf'
     1>c:\users\pc\test\q4\game-mod-q4\idlib\str.h(643): warning C4996: 'sprintf': This function or variable may be unsafe. Consider using sprintf_s instead. To disable deprecation, use _CRT_SECURE_NO_WARNINGS. See online help for details.
                 c:\program files (x86)\microsoft visual studio 12.0\vc\include\stdio.h(356) : see declaration of 'sprintf'
     1>c:\users\pc\test\q4\game-mod-q4\idlib\str.h(652): warning C4996: 'sprintf': This function or variable may be unsafe. Consider using sprintf_s instead. To disable deprecation, use _CRT_SECURE_NO_WARNINGS. See online help for details.
                 c:\program files (x86)\microsoft visual studio 12.0\vc\include\stdio.h(356) : see declaration of 'sprintf'
     1>c:\users\pc\test\q4\game-mod-q4\idlib\base64.h(80): warning C4996: 'strcpy': This function or variable may be unsafe. Consider using strcpy_s instead. To disable deprecation, use _CRT_SECURE_NO_WARNINGS. See online help for details.
                 c:\program files (x86)\microsoft visual studio 12.0\vc\include\string.h(112) : see declaration of 'strcpy'
     1>c:\users\pc\test\q4\game-mod-q4\game\script\script_interpreter.h(151): warning C4996: 'sprintf': This function or variable may be unsafe. Consider using sprintf_s instead. To disable deprecation, use _CRT_SECURE_NO_WARNINGS. See online help for details.
                 c:\program files (x86)\microsoft visual studio 12.0\vc\include\stdio.h(356) : see declaration of 'sprintf'
     1>c:\users\pc\test\q4\game-mod-q4\game\script\script_interpreter.h(153): warning C4996: 'sprintf': This function or variable may be unsafe. Consider using sprintf_s instead. To disable deprecation, use _CRT_SECURE_NO_WARNINGS. See online help for details.
                 c:\program files (x86)\microsoft visual studio 12.0\vc\include\stdio.h(356) : see declaration of 'sprintf'
         C:\Program Files (x86)\Microsoft Visual Studio 12.0\VC\bin\CL.exe /c /Imssdk/include /ZI /nologo /W4 /WX- /Od /Oy- /D _DEBUG /D _WINDOWS /D Q4SDK /D _MBCS /Gm- /EHsc /RTC1 /MTd /GS /Gy /fp:precise /Zc:wchar_t /Zc:forScope /GR /Yu /Fp"../projectile-conversion/idLib/idLib.pch" /Fo"../projectile-conversion/idLib/" /Fd"../projectile-conversion/idLib.pdb" /Gd /TP /analyze- /errorReport:prompt idlib\Base64.cpp idlib\BitMsg.cpp idlib\CmdArgs.cpp idlib\Dict.cpp idlib\Heap.cpp idlib\LangDict.cpp idlib\Lexer.cpp idlib\LexerFactory.cpp idlib\Parser.cpp idlib\Str.cpp idlib\TextCompiler.cpp idlib\Timer.cpp idlib\TimingCollection.cpp idlib\Token.cpp idlib\bv\Bounds.cpp idlib\bv\Box.cpp idlib\bv\Frustum.cpp idlib\bv\Sphere.cpp idlib\containers\HashIndex.cpp idlib\geometry\JointTransform.cpp idlib\geometry\Surface.cpp idlib\geometry\Surface_Patch.cpp idlib\geometry\Surface_Polytope.cpp idlib\geometry\Surface_SweptSpline.cpp idlib\geometry\TraceModel.cpp idlib\geometry\Winding.cpp idlib\geometry\Winding2D.cpp idlib\hashing\CRC16.cpp idlib\hashing\CRC32.cpp idlib\hashing\CRC8.cpp idlib\hashing\Honeyman.cpp idlib\hashing\MD4.cpp idlib\hashing\MD5.cpp idlib\mapfile.cpp idlib\math\Angles.cpp idlib\math\Complex.cpp idlib\math\FFT.cpp idlib\math\Lcp.cpp idlib\math\Math.cpp idlib\math\Matrix.cpp idlib\math\Ode.cpp idlib\math\Plane.cpp idlib\math\Pluecker.cpp idlib\math\Polynomial.cpp idlib\math\Quat.cpp idlib\math\Radians.cpp idlib\math\Rotation.cpp idlib\math\Simd.cpp idlib\math\Simd_3DNow.cpp idlib\math\Simd_MMX.cpp idlib\math\Simd_SSE.cpp idlib\math\Simd_SSE2.cpp idlib\math\Simd_SSE3.cpp idlib\math\Simd_generic.cpp idlib\math\Vector.cpp idlib\rvHeap.cpp idlib\rvHeapArena.cpp idlib\rvMemSys.cpp
         Base64.cpp
         BitMsg.cpp
         CmdArgs.cpp
     1>c:\users\pc\test\q4\game-mod-q4\idlib\cmdargs.cpp(2): warning C4627: '#include "../idlib/precompiled.h"': skipped when looking for precompiled header use
                 Add directive to 'precompiled header (.h) file' or rebuild precompiled header
     1>c:\users\pc\test\q4\game-mod-q4\idlib\cmdargs.cpp(36): warning C4996: 'strcat': This function or variable may be unsafe. Consider using strcat_s instead. To disable deprecation, use _CRT_SECURE_NO_WARNINGS. See online help for details.
                 c:\program files (x86)\microsoft visual studio 12.0\vc\include\string.h(118) : see declaration of 'strcat'
     1>c:\users\pc\test\q4\game-mod-q4\idlib\cmdargs.cpp(41): warning C4996: 'strcat': This function or variable may be unsafe. Consider using strcat_s instead. To disable deprecation, use _CRT_SECURE_NO_WARNINGS. See online help for details.
                 c:\program files (x86)\microsoft visual studio 12.0\vc\include\string.h(118) : see declaration of 'strcat'
     1>c:\users\pc\test\q4\game-mod-q4\idlib\cmdargs.cpp(43): warning C4996: 'strcat': This function or variable may be unsafe. Consider using strcat_s instead. To disable deprecation, use _CRT_SECURE_NO_WARNINGS. See online help for details.
                 c:\program files (x86)\microsoft visual studio 12.0\vc\include\string.h(118) : see declaration of 'strcat'
     1>c:\users\pc\test\q4\game-mod-q4\idlib\cmdargs.cpp(50): warning C4996: 'strcat': This function or variable may be unsafe. Consider using strcat_s instead. To disable deprecation, use _CRT_SECURE_NO_WARNINGS. See online help for details.
                 c:\program files (x86)\microsoft visual studio 12.0\vc\include\string.h(118) : see declaration of 'strcat'
     1>c:\users\pc\test\q4\game-mod-q4\idlib\cmdargs.cpp(59): warning C4996: 'strcat': This function or variable may be unsafe. Consider using strcat_s instead. To disable deprecation, use _CRT_SECURE_NO_WARNINGS. See online help for details.
                 c:\program files (x86)\microsoft visual studio 12.0\vc\include\string.h(118) : see declaration of 'strcat'
     1>c:\users\pc\test\q4\game-mod-q4\idlib\cmdargs.cpp(63): warning C4996: 'strcat': This function or variable may be unsafe. Consider using strcat_s instead. To disable deprecation, use _CRT_SECURE_NO_WARNINGS. See online help for details.
                 c:\program files (x86)\microsoft visual studio 12.0\vc\include\string.h(118) : see declaration of 'strcat'
         Dict.cpp
     1>c:\users\pc\test\q4\game-mod-q4\idlib\dict.cpp(338): warning C4996: 'sscanf': This function or variable may be unsafe. Consider using sscanf_s instead. To disable deprecation, use _CRT_SECURE_NO_WARNINGS. See online help for details.
                 c:\program files (x86)\microsoft visual studio 12.0\vc\include\stdio.h(304) : see declaration of 'sscanf'
     1>c:\users\pc\test\q4\game-mod-q4\idlib\dict.cpp(357): warning C4996: 'sscanf': This function or variable may be unsafe. Consider using sscanf_s instead. To disable deprecation, use _CRT_SECURE_NO_WARNINGS. See online help for details.
                 c:\program files (x86)\microsoft visual studio 12.0\vc\include\stdio.h(304) : see declaration of 'sscanf'
     1>c:\users\pc\test\q4\game-mod-q4\idlib\dict.cpp(376): warning C4996: 'sscanf': This function or variable may be unsafe. Consider using sscanf_s instead. To disable deprecation, use _CRT_SECURE_NO_WARNINGS. See online help for details.
                 c:\program files (x86)\microsoft visual studio 12.0\vc\include\stdio.h(304) : see declaration of 'sscanf'
     1>c:\users\pc\test\q4\game-mod-q4\idlib\dict.cpp(395): warning C4996: 'sscanf': This function or variable may be unsafe. Consider using sscanf_s instead. To disable deprecation, use _CRT_SECURE_NO_WARNINGS. See online help for details.
                 c:\program files (x86)\microsoft visual studio 12.0\vc\include\stdio.h(304) : see declaration of 'sscanf'
     1>c:\users\pc\test\q4\game-mod-q4\idlib\dict.cpp(414): warning C4996: 'sscanf': This function or variable may be unsafe. Consider using sscanf_s instead. To disable deprecation, use _CRT_SECURE_NO_WARNINGS. See online help for details.
                 c:\program files (x86)\microsoft visual studio 12.0\vc\include\stdio.h(304) : see declaration of 'sscanf'
         Heap.cpp
     1>c:\users\pc\test\q4\game-mod-q4\idlib\heap.cpp(2): warning C4627: '#include "../idlib/precompiled.h"': skipped when looking for precompiled header use
                 Add directive to 'precompiled header (.h) file' or rebuild precompiled header
     1>c:\users\pc\test\q4\game-mod-q4\idlib\heap.cpp(1639): warning C4996: 'strcpy': This function or variable may be unsafe. Consider using strcpy_s instead. To disable deprecation, use _CRT_SECURE_NO_WARNINGS. See online help for details.
                 c:\program files (x86)\microsoft visual studio 12.0\vc\include\string.h(112) : see declaration of 'strcpy'
         LangDict.cpp
         Lexer.cpp
     1>c:\users\pc\test\q4\game-mod-q4\idlib\lexer.cpp(625): warning C4996: 'vsprintf': This function or variable may be unsafe. Consider using vsprintf_s instead. To disable deprecation, use _CRT_SECURE_NO_WARNINGS. See online help for details.
                 c:\program files (x86)\microsoft visual studio 12.0\vc\include\stdio.h(356) : see declaration of 'vsprintf'
     1>c:\users\pc\test\q4\game-mod-q4\idlib\lexer.cpp(649): warning C4996: 'vsprintf': This function or variable may be unsafe. Consider using vsprintf_s instead. To disable deprecation, use _CRT_SECURE_NO_WARNINGS. See online help for details.
                 c:\program files (x86)\microsoft visual studio 12.0\vc\include\stdio.h(356) : see declaration of 'vsprintf'
     1>c:\users\pc\test\q4\game-mod-q4\idlib\lexer.cpp(2750): warning C4996: 'vsprintf': This function or variable may be unsafe. Consider using vsprintf_s instead. To disable deprecation, use _CRT_SECURE_NO_WARNINGS. See online help for details.
                 c:\program files (x86)\microsoft visual studio 12.0\vc\include\stdio.h(356) : see declaration of 'vsprintf'
     1>c:\users\pc\test\q4\game-mod-q4\idlib\lexer.cpp(2761): warning C4996: 'vsprintf': This function or variable may be unsafe. Consider using vsprintf_s instead. To disable deprecation, use _CRT_SECURE_NO_WARNINGS. See online help for details.
                 c:\program files (x86)\microsoft visual studio 12.0\vc\include\stdio.h(356) : see declaration of 'vsprintf'
         LexerFactory.cpp
         Parser.cpp
     1>c:\users\pc\test\q4\game-mod-q4\idlib\parser.cpp(218): warning C4996: 'strcpy': This function or variable may be unsafe. Consider using strcpy_s instead. To disable deprecation, use _CRT_SECURE_NO_WARNINGS. See online help for details.
                 c:\program files (x86)\microsoft visual studio 12.0\vc\include\string.h(112) : see declaration of 'strcpy'
     1>c:\users\pc\test\q4\game-mod-q4\idlib\parser.cpp(301): warning C4996: 'vsprintf': This function or variable may be unsafe. Consider using vsprintf_s instead. To disable deprecation, use _CRT_SECURE_NO_WARNINGS. See online help for details.
                 c:\program files (x86)\microsoft visual studio 12.0\vc\include\stdio.h(356) : see declaration of 'vsprintf'
     1>c:\users\pc\test\q4\game-mod-q4\idlib\parser.cpp(318): warning C4996: 'vsprintf': This function or variable may be unsafe. Consider using vsprintf_s instead. To disable deprecation, use _CRT_SECURE_NO_WARNINGS. See online help for details.
                 c:\program files (x86)\microsoft visual studio 12.0\vc\include\stdio.h(356) : see declaration of 'vsprintf'
     1>c:\users\pc\test\q4\game-mod-q4\idlib\parser.cpp(626): warning C4996: 'strcpy': This function or variable may be unsafe. Consider using strcpy_s instead. To disable deprecation, use _CRT_SECURE_NO_WARNINGS. See online help for details.
                 c:\program files (x86)\microsoft visual studio 12.0\vc\include\string.h(112) : see declaration of 'strcpy'
     1>c:\users\pc\test\q4\game-mod-q4\idlib\parser.cpp(667): warning C4996: 'sprintf': This function or variable may be unsafe. Consider using sprintf_s instead. To disable deprecation, use _CRT_SECURE_NO_WARNINGS. See online help for details.
                 c:\program files (x86)\microsoft visual studio 12.0\vc\include\stdio.h(356) : see declaration of 'sprintf'
     1>c:\users\pc\test\q4\game-mod-q4\idlib\parser.cpp(693): warning C4996: 'ctime': This function or variable may be unsafe. Consider using ctime_s instead. To disable deprecation, use _CRT_SECURE_NO_WARNINGS. See online help for details.
                 c:\program files (x86)\microsoft visual studio 12.0\vc\include\time.inl(86) : see declaration of 'ctime'
     1>c:\users\pc\test\q4\game-mod-q4\idlib\parser.cpp(712): warning C4996: 'ctime': This function or variable may be unsafe. Consider using ctime_s instead. To disable deprecation, use _CRT_SECURE_NO_WARNINGS. See online help for details.
                 c:\program files (x86)\microsoft visual studio 12.0\vc\include\time.inl(86) : see declaration of 'ctime'
     1>c:\users\pc\test\q4\game-mod-q4\idlib\parser.cpp(1084): warning C4996: 'strcpy': This function or variable may be unsafe. Consider using strcpy_s instead. To disable deprecation, use _CRT_SECURE_NO_WARNINGS. See online help for details.
                 c:\program files (x86)\microsoft visual studio 12.0\vc\include\string.h(112) : see declaration of 'strcpy'
     1>c:\users\pc\test\q4\game-mod-q4\idlib\parser.cpp(2110): warning C4996: 'sprintf': This function or variable may be unsafe. Consider using sprintf_s instead. To disable deprecation, use _CRT_SECURE_NO_WARNINGS. See online help for details.
                 c:\program files (x86)\microsoft visual studio 12.0\vc\include\stdio.h(356) : see declaration of 'sprintf'
     1>c:\users\pc\test\q4\game-mod-q4\idlib\parser.cpp(2140): warning C4996: 'sprintf': This function or variable may be unsafe. Consider using sprintf_s instead. To disable deprecation, use _CRT_SECURE_NO_WARNINGS. See online help for details.
                 c:\program files (x86)\microsoft visual studio 12.0\vc\include\stdio.h(356) : see declaration of 'sprintf'
     1>c:\users\pc\test\q4\game-mod-q4\idlib\parser.cpp(2249): warning C4996: 'sprintf': This function or variable may be unsafe. Consider using sprintf_s instead. To disable deprecation, use _CRT_SECURE_NO_WARNINGS. See online help for details.
                 c:\program files (x86)\microsoft visual studio 12.0\vc\include\stdio.h(356) : see declaration of 'sprintf'
     1>c:\users\pc\test\q4\game-mod-q4\idlib\parser.cpp(2281): warning C4996: 'sprintf': This function or variable may be unsafe. Consider using sprintf_s instead. To disable deprecation, use _CRT_SECURE_NO_WARNINGS. See online help for details.
                 c:\program files (x86)\microsoft visual studio 12.0\vc\include\stdio.h(356) : see declaration of 'sprintf'
         Str.cpp
     1>c:\users\pc\test\q4\game-mod-q4\idlib\str.cpp(217): warning C4996: 'strcpy': This function or variable may be unsafe. Consider using strcpy_s instead. To disable deprecation, use _CRT_SECURE_NO_WARNINGS. See online help for details.
                 c:\program files (x86)\microsoft visual studio 12.0\vc\include\string.h(112) : see declaration of 'strcpy'
     1>c:\users\pc\test\q4\game-mod-q4\idlib\str.cpp(298): warning C4996: 'strcpy': This function or variable may be unsafe. Consider using strcpy_s instead. To disable deprecation, use _CRT_SECURE_NO_WARNINGS. See online help for details.
                 c:\program files (x86)\microsoft visual studio 12.0\vc\include\string.h(112) : see declaration of 'strcpy'
     1>c:\users\pc\test\q4\game-mod-q4\idlib\str.cpp(1685): warning C4996: 'strncpy': This function or variable may be unsafe. Consider using strncpy_s instead. To disable deprecation, use _CRT_SECURE_NO_WARNINGS. See online help for details.
                 c:\program files (x86)\microsoft visual studio 12.0\vc\include\string.h(195) : see declaration of 'strncpy'
     1>c:\users\pc\test\q4\game-mod-q4\idlib\str.cpp(1849): warning C4996: 'vsprintf': This function or variable may be unsafe. Consider using vsprintf_s instead. To disable deprecation, use _CRT_SECURE_NO_WARNINGS. See online help for details.
                 c:\program files (x86)\microsoft visual studio 12.0\vc\include\stdio.h(356) : see declaration of 'vsprintf'
     1>c:\users\pc\test\q4\game-mod-q4\idlib\str.cpp(1885): warning C4996: '_vsnprintf': This function or variable may be unsafe. Consider using _vsnprintf_s instead. To disable deprecation, use _CRT_SECURE_NO_WARNINGS. See online help for details.
                 c:\program files (x86)\microsoft visual studio 12.0\vc\include\stdio.h(346) : see declaration of '_vsnprintf'
     1>c:\users\pc\test\q4\game-mod-q4\idlib\str.cpp(1959): warning C4996: 'vsprintf': This function or variable may be unsafe. Consider using vsprintf_s instead. To disable deprecation, use _CRT_SECURE_NO_WARNINGS. See online help for details.
                 c:\program files (x86)\microsoft visual studio 12.0\vc\include\stdio.h(356) : see declaration of 'vsprintf'
         TextCompiler.cpp
         Timer.cpp
         TimingCollection.cpp
     1>c:\users\pc\test\q4\game-mod-q4\idlib\timingcollection.cpp(78): warning C4996: 'sprintf': This function or variable may be unsafe. Consider using sprintf_s instead. To disable deprecation, use _CRT_SECURE_NO_WARNINGS. See online help for details.
                 c:\program files (x86)\microsoft visual studio 12.0\vc\include\stdio.h(356) : see declaration of 'sprintf'
     1>c:\users\pc\test\q4\game-mod-q4\idlib\timingcollection.cpp(92): warning C4996: 'sprintf': This function or variable may be unsafe. Consider using sprintf_s instead. To disable deprecation, use _CRT_SECURE_NO_WARNINGS. See online help for details.
                 c:\program files (x86)\microsoft visual studio 12.0\vc\include\stdio.h(356) : see declaration of 'sprintf'
     1>c:\users\pc\test\q4\game-mod-q4\idlib\timingcollection.cpp(95): warning C4996: 'sprintf': This function or variable may be unsafe. Consider using sprintf_s instead. To disable deprecation, use _CRT_SECURE_NO_WARNINGS. See online help for details.
                 c:\program files (x86)\microsoft visual studio 12.0\vc\include\stdio.h(356) : see declaration of 'sprintf'
     1>c:\users\pc\test\q4\game-mod-q4\idlib\timingcollection.cpp(200): warning C4996: 'sprintf': This function or variable may be unsafe. Consider using sprintf_s instead. To disable deprecation, use _CRT_SECURE_NO_WARNINGS. See online help for details.
                 c:\program files (x86)\microsoft visual studio 12.0\vc\include\stdio.h(356) : see declaration of 'sprintf'
     1>c:\users\pc\test\q4\game-mod-q4\idlib\timingcollection.cpp(204): warning C4996: 'sprintf': This function or variable may be unsafe. Consider using sprintf_s instead. To disable deprecation, use _CRT_SECURE_NO_WARNINGS. See online help for details.
                 c:\program files (x86)\microsoft visual studio 12.0\vc\include\stdio.h(356) : see declaration of 'sprintf'
     1>c:\users\pc\test\q4\game-mod-q4\idlib\timingcollection.cpp(212): warning C4996: 'sprintf': This function or variable may be unsafe. Consider using sprintf_s instead. To disable deprecation, use _CRT_SECURE_NO_WARNINGS. See online help for details.
                 c:\program files (x86)\microsoft visual studio 12.0\vc\include\stdio.h(356) : see declaration of 'sprintf'
     1>c:\users\pc\test\q4\game-mod-q4\idlib\timingcollection.cpp(217): warning C4996: 'sprintf': This function or variable may be unsafe. Consider using sprintf_s instead. To disable deprecation, use _CRT_SECURE_NO_WARNINGS. See online help for details.
                 c:\program files (x86)\microsoft visual studio 12.0\vc\include\stdio.h(356) : see declaration of 'sprintf'
         Token.cpp
         Bounds.cpp
     1>c:\users\pc\test\q4\game-mod-q4\idlib\bv\bounds.cpp(2): warning C4627: '#include "../precompiled.h"': skipped when looking for precompiled header use
                 Add directive to 'precompiled header (.h) file' or rebuild precompiled header
         Box.cpp
     1>c:\users\pc\test\q4\game-mod-q4\idlib\bv\box.cpp(2): warning C4627: '#include "../precompiled.h"': skipped when looking for precompiled header use
                 Add directive to 'precompiled header (.h) file' or rebuild precompiled header
         Frustum.cpp
     1>c:\users\pc\test\q4\game-mod-q4\idlib\bv\frustum.cpp(2): warning C4627: '#include "../precompiled.h"': skipped when looking for precompiled header use
                 Add directive to 'precompiled header (.h) file' or rebuild precompiled header
         Sphere.cpp
     1>c:\users\pc\test\q4\game-mod-q4\idlib\bv\sphere.cpp(2): warning C4627: '#include "../precompiled.h"': skipped when looking for precompiled header use
                 Add directive to 'precompiled header (.h) file' or rebuild precompiled header
         HashIndex.cpp
     1>c:\users\pc\test\q4\game-mod-q4\idlib\containers\hashindex.cpp(2): warning C4627: '#include "../precompiled.h"': skipped when looking for precompiled header use
                 Add directive to 'precompiled header (.h) file' or rebuild precompiled header
         JointTransform.cpp
     1>c:\users\pc\test\q4\game-mod-q4\idlib\geometry\jointtransform.cpp(2): warning C4627: '#include "../precompiled.h"': skipped when looking for precompiled header use
                 Add directive to 'precompiled header (.h) file' or rebuild precompiled header
         Generating Code...
         Compiling...
         Surface.cpp
     1>c:\users\pc\test\q4\game-mod-q4\idlib\geometry\surface.cpp(2): warning C4627: '#include "../precompiled.h"': skipped when looking for precompiled header use
                 Add directive to 'precompiled header (.h) file' or rebuild precompiled header
         Surface_Patch.cpp
     1>c:\users\pc\test\q4\game-mod-q4\idlib\geometry\surface_patch.cpp(2): warning C4627: '#include "../precompiled.h"': skipped when looking for precompiled header use
                 Add directive to 'precompiled header (.h) file' or rebuild precompiled header
         Surface_Polytope.cpp
     1>c:\users\pc\test\q4\game-mod-q4\idlib\geometry\surface_polytope.cpp(2): warning C4627: '#include "../precompiled.h"': skipped when looking for precompiled header use
                 Add directive to 'precompiled header (.h) file' or rebuild precompiled header
         Surface_SweptSpline.cpp
     1>c:\users\pc\test\q4\game-mod-q4\idlib\geometry\surface_sweptspline.cpp(2): warning C4627: '#include "../precompiled.h"': skipped when looking for precompiled header use
                 Add directive to 'precompiled header (.h) file' or rebuild precompiled header
         TraceModel.cpp
     1>c:\users\pc\test\q4\game-mod-q4\idlib\geometry\tracemodel.cpp(2): warning C4627: '#include "../../idlib/precompiled.h"': skipped when looking for precompiled header use
                 Add directive to 'precompiled header (.h) file' or rebuild precompiled header
         Winding.cpp
     1>c:\users\pc\test\q4\game-mod-q4\idlib\geometry\winding.cpp(2): warning C4627: '#include "../precompiled.h"': skipped when looking for precompiled header use
                 Add directive to 'precompiled header (.h) file' or rebuild precompiled header
         Winding2D.cpp
     1>c:\users\pc\test\q4\game-mod-q4\idlib\geometry\winding2d.cpp(2): warning C4627: '#include "../precompiled.h"': skipped when looking for precompiled header use
                 Add directive to 'precompiled header (.h) file' or rebuild precompiled header
         CRC16.cpp
     1>c:\users\pc\test\q4\game-mod-q4\idlib\hashing\crc16.cpp(2): warning C4627: '#include "../precompiled.h"': skipped when looking for precompiled header use
                 Add directive to 'precompiled header (.h) file' or rebuild precompiled header
         CRC32.cpp
     1>c:\users\pc\test\q4\game-mod-q4\idlib\hashing\crc32.cpp(2): warning C4627: '#include "../precompiled.h"': skipped when looking for precompiled header use
                 Add directive to 'precompiled header (.h) file' or rebuild precompiled header
         CRC8.cpp
     1>c:\users\pc\test\q4\game-mod-q4\idlib\hashing\crc8.cpp(2): warning C4627: '#include "../precompiled.h"': skipped when looking for precompiled header use
                 Add directive to 'precompiled header (.h) file' or rebuild precompiled header
         Honeyman.cpp
     1>c:\users\pc\test\q4\game-mod-q4\idlib\hashing\honeyman.cpp(2): warning C4627: '#include "../precompiled.h"': skipped when looking for precompiled header use
                 Add directive to 'precompiled header (.h) file' or rebuild precompiled header
         MD4.cpp
     1>c:\users\pc\test\q4\game-mod-q4\idlib\hashing\md4.cpp(2): warning C4627: '#include "../precompiled.h"': skipped when looking for precompiled header use
                 Add directive to 'precompiled header (.h) file' or rebuild precompiled header
         MD5.cpp
     1>c:\users\pc\test\q4\game-mod-q4\idlib\hashing\md5.cpp(2): warning C4627: '#include "../precompiled.h"': skipped when looking for precompiled header use
                 Add directive to 'precompiled header (.h) file' or rebuild precompiled header
         mapfile.cpp
     1>c:\users\pc\test\q4\game-mod-q4\idlib\mapfile.cpp(726): warning C4996: 'sscanf': This function or variable may be unsafe. Consider using sscanf_s instead. To disable deprecation, use _CRT_SECURE_NO_WARNINGS. See online help for details.
                 c:\program files (x86)\microsoft visual studio 12.0\vc\include\stdio.h(304) : see declaration of 'sscanf'
     1>c:\users\pc\test\q4\game-mod-q4\idlib\mapfile.cpp(1197): warning C4996: 'sprintf': This function or variable may be unsafe. Consider using sprintf_s instead. To disable deprecation, use _CRT_SECURE_NO_WARNINGS. See online help for details.
                 c:\program files (x86)\microsoft visual studio 12.0\vc\include\stdio.h(356) : see declaration of 'sprintf'
     1>c:\users\pc\test\q4\game-mod-q4\idlib\mapfile.cpp(1307): warning C4996: 'sprintf': This function or variable may be unsafe. Consider using sprintf_s instead. To disable deprecation, use _CRT_SECURE_NO_WARNINGS. See online help for details.
                 c:\program files (x86)\microsoft visual studio 12.0\vc\include\stdio.h(356) : see declaration of 'sprintf'
         Angles.cpp
     1>c:\users\pc\test\q4\game-mod-q4\idlib\math\angles.cpp(2): warning C4627: '#include "../precompiled.h"': skipped when looking for precompiled header use
                 Add directive to 'precompiled header (.h) file' or rebuild precompiled header
         Complex.cpp
     1>c:\users\pc\test\q4\game-mod-q4\idlib\math\complex.cpp(2): warning C4627: '#include "../precompiled.h"': skipped when looking for precompiled header use
                 Add directive to 'precompiled header (.h) file' or rebuild precompiled header
         FFT.cpp
     1>c:\users\pc\test\q4\game-mod-q4\idlib\math\fft.cpp(2): warning C4627: '#include "../precompiled.h"': skipped when looking for precompiled header use
                 Add directive to 'precompiled header (.h) file' or rebuild precompiled header
         Lcp.cpp
     1>c:\users\pc\test\q4\game-mod-q4\idlib\math\lcp.cpp(2): warning C4627: '#include "../precompiled.h"': skipped when looking for precompiled header use
                 Add directive to 'precompiled header (.h) file' or rebuild precompiled header
         Math.cpp
     1>c:\users\pc\test\q4\game-mod-q4\idlib\math\math.cpp(2): warning C4627: '#include "../precompiled.h"': skipped when looking for precompiled header use
                 Add directive to 'precompiled header (.h) file' or rebuild precompiled header
         Matrix.cpp
     1>c:\users\pc\test\q4\game-mod-q4\idlib\math\matrix.cpp(1): warning C4627: '#include "../precompiled.h"': skipped when looking for precompiled header use
                 Add directive to 'precompiled header (.h) file' or rebuild precompiled header
         Generating Code...
         Compiling...
         Ode.cpp
     1>c:\users\pc\test\q4\game-mod-q4\idlib\math\ode.cpp(2): warning C4627: '#include "../precompiled.h"': skipped when looking for precompiled header use
                 Add directive to 'precompiled header (.h) file' or rebuild precompiled header
         Plane.cpp
     1>c:\users\pc\test\q4\game-mod-q4\idlib\math\plane.cpp(2): warning C4627: '#include "../precompiled.h"': skipped when looking for precompiled header use
                 Add directive to 'precompiled header (.h) file' or rebuild precompiled header
         Pluecker.cpp
     1>c:\users\pc\test\q4\game-mod-q4\idlib\math\pluecker.cpp(2): warning C4627: '#include "../precompiled.h"': skipped when looking for precompiled header use
                 Add directive to 'precompiled header (.h) file' or rebuild precompiled header
         Polynomial.cpp
     1>c:\users\pc\test\q4\game-mod-q4\idlib\math\polynomial.cpp(2): warning C4627: '#include "../precompiled.h"': skipped when looking for precompiled header use
                 Add directive to 'precompiled header (.h) file' or rebuild precompiled header
         Quat.cpp
     1>c:\users\pc\test\q4\game-mod-q4\idlib\math\quat.cpp(2): warning C4627: '#include "../precompiled.h"': skipped when looking for precompiled header use
                 Add directive to 'precompiled header (.h) file' or rebuild precompiled header
         Radians.cpp
     1>c:\users\pc\test\q4\game-mod-q4\idlib\math\radians.cpp(1): warning C4627: '#include "../precompiled.h"': skipped when looking for precompiled header use
                 Add directive to 'precompiled header (.h) file' or rebuild precompiled header
         Rotation.cpp
     1>c:\users\pc\test\q4\game-mod-q4\idlib\math\rotation.cpp(2): warning C4627: '#include "../precompiled.h"': skipped when looking for precompiled header use
                 Add directive to 'precompiled header (.h) file' or rebuild precompiled header
         Simd.cpp
     1>c:\users\pc\test\q4\game-mod-q4\idlib\math\simd.cpp(2): warning C4627: '#include "../precompiled.h"': skipped when looking for precompiled header use
                 Add directive to 'precompiled header (.h) file' or rebuild precompiled header
         Simd_3DNow.cpp
     1>c:\users\pc\test\q4\game-mod-q4\idlib\math\simd_3dnow.cpp(2): warning C4627: '#include "../precompiled.h"': skipped when looking for precompiled header use
                 Add directive to 'precompiled header (.h) file' or rebuild precompiled header
         Simd_MMX.cpp
     1>c:\users\pc\test\q4\game-mod-q4\idlib\math\simd_mmx.cpp(1): warning C4627: '#include "../precompiled.h"': skipped when looking for precompiled header use
                 Add directive to 'precompiled header (.h) file' or rebuild precompiled header
         Simd_SSE.cpp
     1>c:\users\pc\test\q4\game-mod-q4\idlib\math\simd_sse.cpp(1): warning C4627: '#include "../precompiled.h"': skipped when looking for precompiled header use
                 Add directive to 'precompiled header (.h) file' or rebuild precompiled header
         Simd_SSE2.cpp
     1>c:\users\pc\test\q4\game-mod-q4\idlib\math\simd_sse2.cpp(2): warning C4627: '#include "../precompiled.h"': skipped when looking for precompiled header use
                 Add directive to 'precompiled header (.h) file' or rebuild precompiled header
         Simd_SSE3.cpp
     1>c:\users\pc\test\q4\game-mod-q4\idlib\math\simd_sse3.cpp(2): warning C4627: '#include "../precompiled.h"': skipped when looking for precompiled header use
                 Add directive to 'precompiled header (.h) file' or rebuild precompiled header
         Simd_generic.cpp
     1>c:\users\pc\test\q4\game-mod-q4\idlib\math\simd_generic.cpp(2): warning C4627: '#include "../precompiled.h"': skipped when looking for precompiled header use
                 Add directive to 'precompiled header (.h) file' or rebuild precompiled header
         Vector.cpp
     1>c:\users\pc\test\q4\game-mod-q4\idlib\math\vector.cpp(2): warning C4627: '#include "../precompiled.h"': skipped when looking for precompiled header use
                 Add directive to 'precompiled header (.h) file' or rebuild precompiled header
         rvHeap.cpp
     1>c:\users\pc\test\q4\game-mod-q4\idlib\rvheap.cpp(7): warning C4627: '#include "../idlib/precompiled.h"': skipped when looking for precompiled header use
                 Add directive to 'precompiled header (.h) file' or rebuild precompiled header
         rvHeapArena.cpp
     1>c:\users\pc\test\q4\game-mod-q4\idlib\rvheaparena.cpp(7): warning C4627: '#include "../idlib/precompiled.h"': skipped when looking for precompiled header use
                 Add directive to 'precompiled header (.h) file' or rebuild precompiled header
         rvMemSys.cpp
     1>c:\users\pc\test\q4\game-mod-q4\idlib\rvmemsys.cpp(7): warning C4627: '#include "../idlib/precompiled.h"': skipped when looking for precompiled header use
                 Add directive to 'precompiled header (.h) file' or rebuild precompiled header
         Generating Code...
       Lib:
         C:\Program Files (x86)\Microsoft Visual Studio 12.0\VC\bin\Lib.exe /OUT:"../projectile-conversion/idLib.lib" /NOLOGO "../projectile-conversion/idLib/Base64.obj"
         "../projectile-conversion/idLib/BitMsg.obj"
         "../projectile-conversion/idLib/CmdArgs.obj"
         "../projectile-conversion/idLib/Dict.obj"
         "../projectile-conversion/idLib/Heap.obj"
         "../projectile-conversion/idLib/LangDict.obj"
         "../projectile-conversion/idLib/Lexer.obj"
         "../projectile-conversion/idLib/LexerFactory.obj"
         "../projectile-conversion/idLib/Lib.obj"
         "../projectile-conversion/idLib/mapfile.obj"
         "../projectile-conversion/idLib/Parser.obj"
         "../projectile-conversion/idLib/rvHeap.obj"
         "../projectile-conversion/idLib/rvHeapArena.obj"
         "../projectile-conversion/idLib/rvMemSys.obj"
         "../projectile-conversion/idLib/Str.obj"
         "../projectile-conversion/idLib/TextCompiler.obj"
         "../projectile-conversion/idLib/Timer.obj"
         "../projectile-conversion/idLib/TimingCollection.obj"
         "../projectile-conversion/idLib/Token.obj"
         "../projectile-conversion/idLib/Bounds.obj"
         "../projectile-conversion/idLib/Box.obj"
         "../projectile-conversion/idLib/Frustum.obj"
         "../projectile-conversion/idLib/Sphere.obj"
         "../projectile-conversion/idLib/HashIndex.obj"
         "../projectile-conversion/idLib/JointTransform.obj"
         "../projectile-conversion/idLib/Surface.obj"
         "../projectile-conversion/idLib/Surface_Patch.obj"
         "../projectile-conversion/idLib/Surface_Polytope.obj"
         "../projectile-conversion/idLib/Surface_SweptSpline.obj"
         "../projectile-conversion/idLib/TraceModel.obj"
         "../projectile-conversion/idLib/Winding.obj"
         "../projectile-conversion/idLib/Winding2D.obj"
         "../projectile-conversion/idLib/Angles.obj"
         "../projectile-conversion/idLib/Complex.obj"
         "../projectile-conversion/idLib/FFT.obj"
         "../projectile-conversion/idLib/Lcp.obj"
         "../projectile-conversion/idLib/Math.obj"
         "../projectile-conversion/idLib/Matrix.obj"
         "../projectile-conversion/idLib/Ode.obj"
         "../projectile-conversion/idLib/Plane.obj"
         "../projectile-conversion/idLib/Pluecker.obj"
         "../projectile-conversion/idLib/Polynomial.obj"
         "../projectile-conversion/idLib/Quat.obj"
         "../projectile-conversion/idLib/Radians.obj"
         "../projectile-conversion/idLib/Rotation.obj"
         "../projectile-conversion/idLib/Simd.obj"
         "../projectile-conversion/idLib/Simd_3DNow.obj"
         "../projectile-conversion/idLib/Simd_generic.obj"
         "../projectile-conversion/idLib/Simd_MMX.obj"
         "../projectile-conversion/idLib/Simd_SSE.obj"
         "../projectile-conversion/idLib/Simd_SSE2.obj"
         "../projectile-conversion/idLib/Simd_SSE3.obj"
         "../projectile-conversion/idLib/Vector.obj"
         "../projectile-conversion/idLib/CRC16.obj"
         "../projectile-conversion/idLib/CRC32.obj"
         "../projectile-conversion/idLib/CRC8.obj"
         "../projectile-conversion/idLib/Honeyman.obj"
         "../projectile-conversion/idLib/MD4.obj"
         "../projectile-conversion/idLib/MD5.obj"
         idlib.vcxproj -> C:\Users\PC\test\q4\Game-Mod-Q4\../projectile-conversion/idLib.lib
     1>Done Building Project "C:\Users\PC\test\q4\Game-Mod-Q4\idlib.vcxproj" (Build target(s)).

Build succeeded.

Time Elapsed 00:00:06.75
