C:\Program Files (x86)\MSBuild\Microsoft.Cpp\v4.0\V120\Microsoft.CppBuild.targets(381,5): warning MSB8028: The intermediate directory (../Win32/Release\) contains files shared from another project (idLib.vcxproj, MPGame.vcxproj).  This can lead to incorrect clean and rebuild behavior.
  AF.cpp
c:\users\k\git\q4\game-mod-q4\idlib\../idlib/Lib.h(120): warning C4996: 'strcpy': This function or variable may be unsafe. Consider using strcpy_s instead. To disable deprecation, use _CRT_SECURE_NO_WARNINGS. See online help for details.
          E:\visual studio\VC\include\string.h(112) : see declaration of 'strcpy'
c:\users\k\git\q4\game-mod-q4\idlib\Str.h(406): warning C4996: 'strcpy': This function or variable may be unsafe. Consider using strcpy_s instead. To disable deprecation, use _CRT_SECURE_NO_WARNINGS. See online help for details.
          E:\visual studio\VC\include\string.h(112) : see declaration of 'strcpy'
c:\users\k\git\q4\game-mod-q4\idlib\Str.h(446): warning C4996: 'strcpy': This function or variable may be unsafe. Consider using strcpy_s instead. To disable deprecation, use _CRT_SECURE_NO_WARNINGS. See online help for details.
          E:\visual studio\VC\include\string.h(112) : see declaration of 'strcpy'
c:\users\k\git\q4\game-mod-q4\idlib\Str.h(501): warning C4996: 'sprintf': This function or variable may be unsafe. Consider using sprintf_s instead. To disable deprecation, use _CRT_SECURE_NO_WARNINGS. See online help for details.
          E:\visual studio\VC\include\stdio.h(356) : see declaration of 'sprintf'
c:\users\k\git\q4\game-mod-q4\idlib\Str.h(503): warning C4996: 'strcpy': This function or variable may be unsafe. Consider using strcpy_s instead. To disable deprecation, use _CRT_SECURE_NO_WARNINGS. See online help for details.
          E:\visual studio\VC\include\string.h(112) : see declaration of 'strcpy'
c:\users\k\git\q4\game-mod-q4\idlib\Str.h(512): warning C4996: 'sprintf': This function or variable may be unsafe. Consider using sprintf_s instead. To disable deprecation, use _CRT_SECURE_NO_WARNINGS. See online help for details.
          E:\visual studio\VC\include\stdio.h(356) : see declaration of 'sprintf'
c:\users\k\git\q4\game-mod-q4\idlib\Str.h(514): warning C4996: 'strcpy': This function or variable may be unsafe. Consider using strcpy_s instead. To disable deprecation, use _CRT_SECURE_NO_WARNINGS. See online help for details.
          E:\visual studio\VC\include\string.h(112) : see declaration of 'strcpy'
c:\users\k\git\q4\game-mod-q4\idlib\Str.h(527): warning C4996: 'strcpy': This function or variable may be unsafe. Consider using strcpy_s instead. To disable deprecation, use _CRT_SECURE_NO_WARNINGS. See online help for details.
          E:\visual studio\VC\include\string.h(112) : see declaration of 'strcpy'
c:\users\k\git\q4\game-mod-q4\idlib\Str.h(605): warning C4996: 'sprintf': This function or variable may be unsafe. Consider using sprintf_s instead. To disable deprecation, use _CRT_SECURE_NO_WARNINGS. See online help for details.
          E:\visual studio\VC\include\stdio.h(356) : see declaration of 'sprintf'
c:\users\k\git\q4\game-mod-q4\idlib\Str.h(615): warning C4996: 'sprintf': This function or variable may be unsafe. Consider using sprintf_s instead. To disable deprecation, use _CRT_SECURE_NO_WARNINGS. See online help for details.
          E:\visual studio\VC\include\stdio.h(356) : see declaration of 'sprintf'
c:\users\k\git\q4\game-mod-q4\idlib\Str.h(625): warning C4996: 'sprintf': This function or variable may be unsafe. Consider using sprintf_s instead. To disable deprecation, use _CRT_SECURE_NO_WARNINGS. See online help for details.
          E:\visual studio\VC\include\stdio.h(356) : see declaration of 'sprintf'
c:\users\k\git\q4\game-mod-q4\idlib\Str.h(634): warning C4996: 'sprintf': This function or variable may be unsafe. Consider using sprintf_s instead. To disable deprecation, use _CRT_SECURE_NO_WARNINGS. See online help for details.
          E:\visual studio\VC\include\stdio.h(356) : see declaration of 'sprintf'
c:\users\k\git\q4\game-mod-q4\idlib\Str.h(643): warning C4996: 'sprintf': This function or variable may be unsafe. Consider using sprintf_s instead. To disable deprecation, use _CRT_SECURE_NO_WARNINGS. See online help for details.
          E:\visual studio\VC\include\stdio.h(356) : see declaration of 'sprintf'
c:\users\k\git\q4\game-mod-q4\idlib\Str.h(652): warning C4996: 'sprintf': This function or variable may be unsafe. Consider using sprintf_s instead. To disable deprecation, use _CRT_SECURE_NO_WARNINGS. See online help for details.
          E:\visual studio\VC\include\stdio.h(356) : see declaration of 'sprintf'
c:\users\k\git\q4\game-mod-q4\idlib\Base64.h(80): warning C4996: 'strcpy': This function or variable may be unsafe. Consider using strcpy_s instead. To disable deprecation, use _CRT_SECURE_NO_WARNINGS. See online help for details.
          E:\visual studio\VC\include\string.h(112) : see declaration of 'strcpy'
c:\users\k\git\q4\game-mod-q4\game\script/Script_Interpreter.h(151): warning C4996: 'sprintf': This function or variable may be unsafe. Consider using sprintf_s instead. To disable deprecation, use _CRT_SECURE_NO_WARNINGS. See online help for details.
          E:\visual studio\VC\include\stdio.h(356) : see declaration of 'sprintf'
c:\users\k\git\q4\game-mod-q4\game\script/Script_Interpreter.h(153): warning C4996: 'sprintf': This function or variable may be unsafe. Consider using sprintf_s instead. To disable deprecation, use _CRT_SECURE_NO_WARNINGS. See online help for details.
          E:\visual studio\VC\include\stdio.h(356) : see declaration of 'sprintf'
game\AF.cpp(1152): warning C4996: 'sscanf': This function or variable may be unsafe. Consider using sscanf_s instead. To disable deprecation, use _CRT_SECURE_NO_WARNINGS. See online help for details.
          E:\visual studio\VC\include\stdio.h(304) : see declaration of 'sscanf'
game\AF.cpp(1282): warning C4996: 'sscanf': This function or variable may be unsafe. Consider using sscanf_s instead. To disable deprecation, use _CRT_SECURE_NO_WARNINGS. See online help for details.
          E:\visual studio\VC\include\stdio.h(304) : see declaration of 'sscanf'
game\AF.cpp(1290): warning C4996: 'sscanf': This function or variable may be unsafe. Consider using sscanf_s instead. To disable deprecation, use _CRT_SECURE_NO_WARNINGS. See online help for details.
          E:\visual studio\VC\include\stdio.h(304) : see declaration of 'sscanf'
  AFEntity.cpp
game\AFEntity.cpp(3103): warning C4996: 'sscanf': This function or variable may be unsafe. Consider using sscanf_s instead. To disable deprecation, use _CRT_SECURE_NO_WARNINGS. See online help for details.
          E:\visual studio\VC\include\stdio.h(304) : see declaration of 'sscanf'
  Actor.cpp
  BrittleFracture.cpp
  Camera.cpp
  Effect.cpp
  Entity.cpp
  FreeView.cpp
  GameEdit.cpp
game\GameEdit.cpp(336): warning C4996: 'sscanf': This function or variable may be unsafe. Consider using sscanf_s instead. To disable deprecation, use _CRT_SECURE_NO_WARNINGS. See online help for details.
          E:\visual studio\VC\include\stdio.h(304) : see declaration of 'sscanf'
  Game_Debug.cpp
  Game_Log.cpp
  Game_local.cpp
game\Game_local.cpp(3752): warning C4996: 'strncpy': This function or variable may be unsafe. Consider using strncpy_s instead. To disable deprecation, use _CRT_SECURE_NO_WARNINGS. See online help for details.
          E:\visual studio\VC\include\string.h(195) : see declaration of 'strncpy'
game\Game_local.cpp(4891): warning C4996: 'sprintf': This function or variable may be unsafe. Consider using sprintf_s instead. To disable deprecation, use _CRT_SECURE_NO_WARNINGS. See online help for details.
          E:\visual studio\VC\include\stdio.h(356) : see declaration of 'sprintf'
game\Game_local.cpp(8340): warning C4996: 'strncpy': This function or variable may be unsafe. Consider using strncpy_s instead. To disable deprecation, use _CRT_SECURE_NO_WARNINGS. See online help for details.
          E:\visual studio\VC\include\string.h(195) : see declaration of 'strncpy'
game\Game_local.cpp(8355): warning C4996: 'strncpy': This function or variable may be unsafe. Consider using strncpy_s instead. To disable deprecation, use _CRT_SECURE_NO_WARNINGS. See online help for details.
          E:\visual studio\VC\include\string.h(195) : see declaration of 'strncpy'
  Game_network.cpp
game\Game_network.cpp(2028): warning C4996: 'strncpy': This function or variable may be unsafe. Consider using strncpy_s instead. To disable deprecation, use _CRT_SECURE_NO_WARNINGS. See online help for details.
          E:\visual studio\VC\include\string.h(195) : see declaration of 'strncpy'
game\Game_network.cpp(2286): warning C4996: 'strncpy': This function or variable may be unsafe. Consider using strncpy_s instead. To disable deprecation, use _CRT_SECURE_NO_WARNINGS. See online help for details.
          E:\visual studio\VC\include\string.h(195) : see declaration of 'strncpy'
  Healing_Station.cpp
  IK.cpp
  Icon.cpp
  IconManager.cpp
  Instance.cpp
  Item.cpp
game\Item.cpp(1631): warning C4996: 'sscanf': This function or variable may be unsafe. Consider using sscanf_s instead. To disable deprecation, use _CRT_SECURE_NO_WARNINGS. See online help for details.
          E:\visual studio\VC\include\stdio.h(304) : see declaration of 'sscanf'
  Light.cpp
  LipSync.cpp
  Generating Code...
  Compiling...
  Misc.cpp
  Moveable.cpp
  Mover.cpp
  MultiplayerGame.cpp
game\MultiplayerGame.cpp(1552): warning C4996: 'sprintf': This function or variable may be unsafe. Consider using sprintf_s instead. To disable deprecation, use _CRT_SECURE_NO_WARNINGS. See online help for details.
          E:\visual studio\VC\include\stdio.h(356) : see declaration of 'sprintf'
game\MultiplayerGame.cpp(3345): warning C4996: 'sscanf': This function or variable may be unsafe. Consider using sscanf_s instead. To disable deprecation, use _CRT_SECURE_NO_WARNINGS. See online help for details.
          E:\visual studio\VC\include\stdio.h(304) : see declaration of 'sscanf'
game\MultiplayerGame.cpp(6619): warning C4996: 'strcpy': This function or variable may be unsafe. Consider using strcpy_s instead. To disable deprecation, use _CRT_SECURE_NO_WARNINGS. See online help for details.
          E:\visual studio\VC\include\string.h(112) : see declaration of 'strcpy'
game\MultiplayerGame.cpp(6622): warning C4996: 'strcpy': This function or variable may be unsafe. Consider using strcpy_s instead. To disable deprecation, use _CRT_SECURE_NO_WARNINGS. See online help for details.
          E:\visual studio\VC\include\string.h(112) : see declaration of 'strcpy'
game\MultiplayerGame.cpp(6625): warning C4996: 'strcpy': This function or variable may be unsafe. Consider using strcpy_s instead. To disable deprecation, use _CRT_SECURE_NO_WARNINGS. See online help for details.
          E:\visual studio\VC\include\string.h(112) : see declaration of 'strcpy'
game\MultiplayerGame.cpp(6628): warning C4996: 'strcpy': This function or variable may be unsafe. Consider using strcpy_s instead. To disable deprecation, use _CRT_SECURE_NO_WARNINGS. See online help for details.
          E:\visual studio\VC\include\string.h(112) : see declaration of 'strcpy'
game\MultiplayerGame.cpp(6631): warning C4996: 'strcpy': This function or variable may be unsafe. Consider using strcpy_s instead. To disable deprecation, use _CRT_SECURE_NO_WARNINGS. See online help for details.
          E:\visual studio\VC\include\string.h(112) : see declaration of 'strcpy'
game\MultiplayerGame.cpp(6637): warning C4996: 'strcpy': This function or variable may be unsafe. Consider using strcpy_s instead. To disable deprecation, use _CRT_SECURE_NO_WARNINGS. See online help for details.
          E:\visual studio\VC\include\string.h(112) : see declaration of 'strcpy'
  Playback.cpp
  Player.cpp
  PlayerView.cpp
  Player_Cheats.cpp
  Player_States.cpp
  Projectile.cpp
  Pvs.cpp
  SecurityCamera.cpp
  Sound.cpp
  SplineMover.cpp
game\SplineMover.cpp(1663): warning C4996: 'sscanf': This function or variable may be unsafe. Consider using sscanf_s instead. To disable deprecation, use _CRT_SECURE_NO_WARNINGS. See online help for details.
          E:\visual studio\VC\include\stdio.h(304) : see declaration of 'sscanf'
  Target.cpp
  TramGate.cpp
  Trigger.cpp
  Weapon.cpp
game\Weapon.cpp(2330): warning C4996: 'sprintf': This function or variable may be unsafe. Consider using sprintf_s instead. To disable deprecation, use _CRT_SECURE_NO_WARNINGS. See online help for details.
          E:\visual studio\VC\include\stdio.h(356) : see declaration of 'sprintf'
  WorldSpawn.cpp
  AAS.cpp
game\ai\AAS.cpp(1): warning C4627: '#include "../../idlib/precompiled.h"': skipped when looking for precompiled header use
          Add directive to 'precompiled header (.h) file' or rebuild precompiled header
  Generating Code...
c:\users\k\git\q4\game-mod-q4\idlib\math\curve.h(225): warning C4750: 'float __thiscall idCurve<class idVec3>::RombergIntegral(float,float,int)const ': function with _alloca() inlined into a loop
c:\users\k\git\q4\game-mod-q4\idlib\math\curve.h(240): warning C4750: 'float __thiscall idCurve<class idVec3>::RombergIntegral(float,float,int)const ': function with _alloca() inlined into a loop
c:\users\k\git\q4\game-mod-q4\idlib\math\curve.h(263): warning C4750: 'float __thiscall idCurve<class idVec3>::GetLengthBetweenKnots(int,int)const ': function with _alloca() inlined into a loop
c:\users\k\git\q4\game-mod-q4\idlib\math\curve.h(285): warning C4750: 'float __thiscall idCurve<class idVec3>::RombergIntegral(float,float,int)const ': function with _alloca() inlined into a loop
c:\users\k\git\q4\game-mod-q4\idlib\math\curve.h(240): warning C4750: 'float __thiscall idCurve<class idVec3>::RombergIntegral(float,float,int)const ': function with _alloca() inlined into a loop
c:\users\k\git\q4\game-mod-q4\idlib\math\curve.h(225): warning C4750: 'float __thiscall idCurve<class idVec3>::RombergIntegral(float,float,int)const ': function with _alloca() inlined into a loop
c:\users\k\git\q4\game-mod-q4\idlib\math\curve.h(326): warning C4750: 'float __thiscall idCurve<class idVec3>::GetLengthBetweenKnots(int,int)const ': function with _alloca() inlined into a loop
c:\users\k\git\q4\game-mod-q4\idlib\math\curve.h(263): warning C4750: 'float __thiscall idCurve<class idVec3>::GetLengthBetweenKnots(int,int)const ': function with _alloca() inlined into a loop
c:\users\k\git\q4\game-mod-q4\idlib\math\curve.h(285): warning C4750: 'float __thiscall idCurve<class idVec3>::RombergIntegral(float,float,int)const ': function with _alloca() inlined into a loop
c:\users\k\git\q4\game-mod-q4\game\mover.cpp(2142): warning C4750: 'float __thiscall idCurve<class idVec3>::GetTimeForLength(float,float)const ': function with _alloca() inlined into a loop
  Compiling...
  AAS_Find.cpp
game\ai\AAS_Find.cpp(11): warning C4627: '#include "../../idlib/precompiled.h"': skipped when looking for precompiled header use
          Add directive to 'precompiled header (.h) file' or rebuild precompiled header
  AAS_debug.cpp
game\ai\AAS_debug.cpp(2): warning C4627: '#include "../../idlib/precompiled.h"': skipped when looking for precompiled header use
          Add directive to 'precompiled header (.h) file' or rebuild precompiled header
  AAS_pathing.cpp
game\ai\AAS_pathing.cpp(2): warning C4627: '#include "../../idlib/precompiled.h"': skipped when looking for precompiled header use
          Add directive to 'precompiled header (.h) file' or rebuild precompiled header
  AAS_routing.cpp
game\ai\AAS_routing.cpp(2): warning C4627: '#include "../../idlib/precompiled.h"': skipped when looking for precompiled header use
          Add directive to 'precompiled header (.h) file' or rebuild precompiled header
  AAS_tactical.cpp
game\ai\AAS_tactical.cpp(52): warning C4627: '#include "../../idlib/precompiled.h"': skipped when looking for precompiled header use
          Add directive to 'precompiled header (.h) file' or rebuild precompiled header
  AI.cpp
game\ai\AI.cpp(9): warning C4627: '#include "../../idlib/precompiled.h"': skipped when looking for precompiled header use
          Add directive to 'precompiled header (.h) file' or rebuild precompiled header
  AI_Actions.cpp
game\ai\AI_Actions.cpp(2): warning C4627: '#include "../../idlib/precompiled.h"': skipped when looking for precompiled header use
          Add directive to 'precompiled header (.h) file' or rebuild precompiled header
  AI_Announcements.cpp
game\ai\AI_Announcements.cpp(9): warning C4627: '#include "../../idlib/precompiled.h"': skipped when looking for precompiled header use
          Add directive to 'precompiled header (.h) file' or rebuild precompiled header
  AI_Debug.cpp
game\ai\AI_Debug.cpp(9): warning C4627: '#include "../../idlib/precompiled.h"': skipped when looking for precompiled header use
          Add directive to 'precompiled header (.h) file' or rebuild precompiled header
  AI_Manager.cpp
game\ai\AI_Manager.cpp(2): warning C4627: '#include "../../idlib/precompiled.h"': skipped when looking for precompiled header use
          Add directive to 'precompiled header (.h) file' or rebuild precompiled header
  AI_Medic.cpp
game\ai\AI_Medic.cpp(1): warning C4627: '#include "../../idlib/precompiled.h"': skipped when looking for precompiled header use
          Add directive to 'precompiled header (.h) file' or rebuild precompiled header
  AI_Move.cpp
game\ai\AI_Move.cpp(13): warning C4627: '#include "../../idlib/precompiled.h"': skipped when looking for precompiled header use
          Add directive to 'precompiled header (.h) file' or rebuild precompiled header
  AI_States.cpp
game\ai\AI_States.cpp(2): warning C4627: '#include "../../idlib/precompiled.h"': skipped when looking for precompiled header use
          Add directive to 'precompiled header (.h) file' or rebuild precompiled header
  AI_Tactical.cpp
game\ai\AI_Tactical.cpp(7): warning C4627: '#include "../../idlib/precompiled.h"': skipped when looking for precompiled header use
          Add directive to 'precompiled header (.h) file' or rebuild precompiled header
  AI_Util.cpp
game\ai\AI_Util.cpp(1): warning C4627: '#include "../../idlib/precompiled.h"': skipped when looking for precompiled header use
          Add directive to 'precompiled header (.h) file' or rebuild precompiled header
  AI_events.cpp
game\ai\AI_events.cpp(2): warning C4627: '#include "../../idlib/precompiled.h"': skipped when looking for precompiled header use
          Add directive to 'precompiled header (.h) file' or rebuild precompiled header
  AI_pathing.cpp
game\ai\AI_pathing.cpp(2): warning C4627: '#include "../../idlib/precompiled.h"': skipped when looking for precompiled header use
          Add directive to 'precompiled header (.h) file' or rebuild precompiled header
  Monster_Berserker.cpp
game\ai\Monster_Berserker.cpp(2): warning C4627: '#include "../../idlib/precompiled.h"': skipped when looking for precompiled header use
          Add directive to 'precompiled header (.h) file' or rebuild precompiled header
  Monster_BossBuddy.cpp
game\ai\Monster_BossBuddy.cpp(2): warning C4627: '#include "../../idlib/precompiled.h"': skipped when looking for precompiled header use
          Add directive to 'precompiled header (.h) file' or rebuild precompiled header
  Monster_BossMakron.cpp
game\ai\Monster_BossMakron.cpp(1): warning C4627: '#include "../../idlib/precompiled.h"': skipped when looking for precompiled header use
          Add directive to 'precompiled header (.h) file' or rebuild precompiled header
  Generating Code...
c:\users\k\git\q4\game-mod-q4\game\ai\ai.cpp(1762): warning C4700: uninitialized local variable 'player' used
  Compiling...
  Monster_ConvoyGround.cpp
game\ai\Monster_ConvoyGround.cpp(2): warning C4627: '#include "../../idlib/precompiled.h"': skipped when looking for precompiled header use
          Add directive to 'precompiled header (.h) file' or rebuild precompiled header
  Monster_ConvoyHover.cpp
game\ai\Monster_ConvoyHover.cpp(7): warning C4627: '#include "../../idlib/precompiled.h"': skipped when looking for precompiled header use
          Add directive to 'precompiled header (.h) file' or rebuild precompiled header
  Monster_FailedTransfer.cpp
game\ai\Monster_FailedTransfer.cpp(2): warning C4627: '#include "../../idlib/precompiled.h"': skipped when looking for precompiled header use
          Add directive to 'precompiled header (.h) file' or rebuild precompiled header
  Monster_Fatty.cpp
game\ai\Monster_Fatty.cpp(9): warning C4627: '#include "../../idlib/precompiled.h"': skipped when looking for precompiled header use
          Add directive to 'precompiled header (.h) file' or rebuild precompiled header
  Monster_Gladiator.cpp
game\ai\Monster_Gladiator.cpp(2): warning C4627: '#include "../../idlib/precompiled.h"': skipped when looking for precompiled header use
          Add directive to 'precompiled header (.h) file' or rebuild precompiled header
  Monster_Grunt.cpp
game\ai\Monster_Grunt.cpp(2): warning C4627: '#include "../../idlib/precompiled.h"': skipped when looking for precompiled header use
          Add directive to 'precompiled header (.h) file' or rebuild precompiled header
  Monster_Gunner.cpp
game\ai\Monster_Gunner.cpp(2): warning C4627: '#include "../../idlib/precompiled.h"': skipped when looking for precompiled header use
          Add directive to 'precompiled header (.h) file' or rebuild precompiled header
  Monster_Harvester.cpp
game\ai\Monster_Harvester.cpp(9): warning C4627: '#include "../../idlib/precompiled.h"': skipped when looking for precompiled header use
          Add directive to 'precompiled header (.h) file' or rebuild precompiled header
  Monster_HarvesterDispersal.cpp
game\ai\Monster_HarvesterDispersal.cpp(9): warning C4627: '#include "../../idlib/precompiled.h"': skipped when looking for precompiled header use
          Add directive to 'precompiled header (.h) file' or rebuild precompiled header
  Monster_HeavyHoverTank.cpp
game\ai\Monster_HeavyHoverTank.cpp(2): warning C4627: '#include "../../idlib/precompiled.h"': skipped when looking for precompiled header use
          Add directive to 'precompiled header (.h) file' or rebuild precompiled header
  Monster_IronMaiden.cpp
game\ai\Monster_IronMaiden.cpp(2): warning C4627: '#include "../../idlib/precompiled.h"': skipped when looking for precompiled header use
          Add directive to 'precompiled header (.h) file' or rebuild precompiled header
  Monster_LightTank.cpp
game\ai\Monster_LightTank.cpp(2): warning C4627: '#include "../../idlib/precompiled.h"': skipped when looking for precompiled header use
          Add directive to 'precompiled header (.h) file' or rebuild precompiled header
  Monster_NetworkGuardian.cpp
game\ai\Monster_NetworkGuardian.cpp(2): warning C4627: '#include "../../idlib/precompiled.h"': skipped when looking for precompiled header use
          Add directive to 'precompiled header (.h) file' or rebuild precompiled header
  Monster_RepairBot.cpp
game\ai\Monster_RepairBot.cpp(2): warning C4627: '#include "../../idlib/precompiled.h"': skipped when looking for precompiled header use
          Add directive to 'precompiled header (.h) file' or rebuild precompiled header
  Monster_Scientist.cpp
game\ai\Monster_Scientist.cpp(2): warning C4627: '#include "../../idlib/precompiled.h"': skipped when looking for precompiled header use
          Add directive to 'precompiled header (.h) file' or rebuild precompiled header
  Monster_Sentry.cpp
game\ai\Monster_Sentry.cpp(2): warning C4627: '#include "../../idlib/precompiled.h"': skipped when looking for precompiled header use
          Add directive to 'precompiled header (.h) file' or rebuild precompiled header
  Monster_SlimyTransfer.cpp
game\ai\Monster_SlimyTransfer.cpp(2): warning C4627: '#include "../../idlib/precompiled.h"': skipped when looking for precompiled header use
          Add directive to 'precompiled header (.h) file' or rebuild precompiled header
  Monster_StreamProtector.cpp
game\ai\Monster_StreamProtector.cpp(2): warning C4627: '#include "../../idlib/precompiled.h"': skipped when looking for precompiled header use
          Add directive to 'precompiled header (.h) file' or rebuild precompiled header
  Monster_StroggFlyer.cpp
game\ai\Monster_StroggFlyer.cpp(2): warning C4627: '#include "../../idlib/precompiled.h"': skipped when looking for precompiled header use
          Add directive to 'precompiled header (.h) file' or rebuild precompiled header
  Monster_StroggHover.cpp
game\ai\Monster_StroggHover.cpp(2): warning C4627: '#include "../../idlib/precompiled.h"': skipped when looking for precompiled header use
          Add directive to 'precompiled header (.h) file' or rebuild precompiled header
  Generating Code...
  Compiling...
  Monster_StroggMarine.cpp
game\ai\Monster_StroggMarine.cpp(2): warning C4627: '#include "../../idlib/precompiled.h"': skipped when looking for precompiled header use
          Add directive to 'precompiled header (.h) file' or rebuild precompiled header
  Monster_TeleportDropper.cpp
game\ai\Monster_TeleportDropper.cpp(2): warning C4627: '#include "../../idlib/precompiled.h"': skipped when looking for precompiled header use
          Add directive to 'precompiled header (.h) file' or rebuild precompiled header
  Monster_Turret.cpp
game\ai\Monster_Turret.cpp(2): warning C4627: '#include "../../idlib/precompiled.h"': skipped when looking for precompiled header use
          Add directive to 'precompiled header (.h) file' or rebuild precompiled header
  Monster_TurretFlying.cpp
game\ai\Monster_TurretFlying.cpp(2): warning C4627: '#include "../../idlib/precompiled.h"': skipped when looking for precompiled header use
          Add directive to 'precompiled header (.h) file' or rebuild precompiled header
  VehicleAI.cpp
game\ai\VehicleAI.cpp(7): warning C4627: '#include "../../idlib/precompiled.h"': skipped when looking for precompiled header use
          Add directive to 'precompiled header (.h) file' or rebuild precompiled header
  Anim.cpp
game\anim\Anim.cpp(2): warning C4627: '#include "../../idlib/precompiled.h"': skipped when looking for precompiled header use
          Add directive to 'precompiled header (.h) file' or rebuild precompiled header
  Anim_Blend.cpp
game\anim\Anim_Blend.cpp(6): warning C4627: '#include "../../idlib/precompiled.h"': skipped when looking for precompiled header use
          Add directive to 'precompiled header (.h) file' or rebuild precompiled header
  Anim_Import.cpp
game\anim\Anim_Import.cpp(2): warning C4627: '#include "../../idlib/precompiled.h"': skipped when looking for precompiled header use
          Add directive to 'precompiled header (.h) file' or rebuild precompiled header
  Anim_Testmodel.cpp
game\anim\Anim_Testmodel.cpp(24): warning C4627: '#include "../../idlib/precompiled.h"': skipped when looking for precompiled header use
          Add directive to 'precompiled header (.h) file' or rebuild precompiled header
  ClientAFEntity.cpp
game\client\ClientAFEntity.cpp(7): warning C4627: '#include "../../idlib/precompiled.h"': skipped when looking for precompiled header use
          Add directive to 'precompiled header (.h) file' or rebuild precompiled header
  ClientEffect.cpp
game\client\ClientEffect.cpp(7): warning C4627: '#include "../../idlib/precompiled.h"': skipped when looking for precompiled header use
          Add directive to 'precompiled header (.h) file' or rebuild precompiled header
  ClientEntity.cpp
game\client\ClientEntity.cpp(7): warning C4627: '#include "../../idlib/precompiled.h"': skipped when looking for precompiled header use
          Add directive to 'precompiled header (.h) file' or rebuild precompiled header
  ClientModel.cpp
game\client\ClientModel.cpp(9): warning C4627: '#include "../../idlib/precompiled.h"': skipped when looking for precompiled header use
          Add directive to 'precompiled header (.h) file' or rebuild precompiled header
  ClientMoveable.cpp
game\client\ClientMoveable.cpp(7): warning C4627: '#include "../../idlib/precompiled.h"': skipped when looking for precompiled header use
          Add directive to 'precompiled header (.h) file' or rebuild precompiled header
  Class.cpp
game\gamesys\Class.cpp(8): warning C4627: '#include "../../idlib/precompiled.h"': skipped when looking for precompiled header use
          Add directive to 'precompiled header (.h) file' or rebuild precompiled header
  DebugGraph.cpp
game\gamesys\DebugGraph.cpp(1): warning C4627: '#include "../../idlib/precompiled.h"': skipped when looking for precompiled header use
          Add directive to 'precompiled header (.h) file' or rebuild precompiled header
  Event.cpp
game\gamesys\Event.cpp(8): warning C4627: '#include "../../idlib/precompiled.h"': skipped when looking for precompiled header use
          Add directive to 'precompiled header (.h) file' or rebuild precompiled header
game\gamesys\Event.cpp(55): warning C4996: 'sprintf': This function or variable may be unsafe. Consider using sprintf_s instead. To disable deprecation, use _CRT_SECURE_NO_WARNINGS. See online help for details.
          E:\visual studio\VC\include\stdio.h(356) : see declaration of 'sprintf'
game\gamesys\Event.cpp(97): warning C4996: 'sprintf': This function or variable may be unsafe. Consider using sprintf_s instead. To disable deprecation, use _CRT_SECURE_NO_WARNINGS. See online help for details.
          E:\visual studio\VC\include\stdio.h(356) : see declaration of 'sprintf'
game\gamesys\Event.cpp(115): warning C4996: 'sprintf': This function or variable may be unsafe. Consider using sprintf_s instead. To disable deprecation, use _CRT_SECURE_NO_WARNINGS. See online help for details.
          E:\visual studio\VC\include\stdio.h(356) : see declaration of 'sprintf'
game\gamesys\Event.cpp(122): warning C4996: 'sprintf': This function or variable may be unsafe. Consider using sprintf_s instead. To disable deprecation, use _CRT_SECURE_NO_WARNINGS. See online help for details.
          E:\visual studio\VC\include\stdio.h(356) : see declaration of 'sprintf'
game\gamesys\Event.cpp(135): warning C4996: 'sprintf': This function or variable may be unsafe. Consider using sprintf_s instead. To disable deprecation, use _CRT_SECURE_NO_WARNINGS. See online help for details.
          E:\visual studio\VC\include\stdio.h(356) : see declaration of 'sprintf'
  SaveGame.cpp
game\gamesys\SaveGame.cpp(2): warning C4627: '#include "../../idlib/precompiled.h"': skipped when looking for precompiled header use
          Add directive to 'precompiled header (.h) file' or rebuild precompiled header
game\gamesys\SaveGame.cpp(1087): warning C4996: 'vsprintf': This function or variable may be unsafe. Consider using vsprintf_s instead. To disable deprecation, use _CRT_SECURE_NO_WARNINGS. See online help for details.
          E:\visual studio\VC\include\stdio.h(356) : see declaration of 'vsprintf'
  State.cpp
game\gamesys\State.cpp(1): warning C4627: '#include "../../idlib/precompiled.h"': skipped when looking for precompiled header use
          Add directive to 'precompiled header (.h) file' or rebuild precompiled header
  SysCmds.cpp
game\gamesys\SysCmds.cpp(2): warning C4627: '#include "../../idlib/precompiled.h"': skipped when looking for precompiled header use
          Add directive to 'precompiled header (.h) file' or rebuild precompiled header
game\gamesys\SysCmds.cpp(814): warning C4996: 'sscanf': This function or variable may be unsafe. Consider using sscanf_s instead. To disable deprecation, use _CRT_SECURE_NO_WARNINGS. See online help for details.
          E:\visual studio\VC\include\stdio.h(304) : see declaration of 'sscanf'
game\gamesys\SysCmds.cpp(1680): warning C4996: 'sprintf': This function or variable may be unsafe. Consider using sprintf_s instead. To disable deprecation, use _CRT_SECURE_NO_WARNINGS. See online help for details.
          E:\visual studio\VC\include\stdio.h(356) : see declaration of 'sprintf'
  Generating Code...
  Compiling...
  SysCvar.cpp
game\gamesys\SysCvar.cpp(1): warning C4627: '#include "../../idlib/precompiled.h"': skipped when looking for precompiled header use
          Add directive to 'precompiled header (.h) file' or rebuild precompiled header
game\gamesys\SysCvar.cpp(35): warning C4996: 'sprintf': This function or variable may be unsafe. Consider using sprintf_s instead. To disable deprecation, use _CRT_SECURE_NO_WARNINGS. See online help for details.
          E:\visual studio\VC\include\stdio.h(356) : see declaration of 'sprintf'
  Buying.cpp
game\mp\Buying.cpp(12): warning C4627: '#include "../../idlib/precompiled.h"': skipped when looking for precompiled header use
          Add directive to 'precompiled header (.h) file' or rebuild precompiled header
  CTF.cpp
game\mp\CTF.cpp(7): warning C4627: '#include "../../idlib/precompiled.h"': skipped when looking for precompiled header use
          Add directive to 'precompiled header (.h) file' or rebuild precompiled header
  GameState.cpp
game\mp\GameState.cpp(7): warning C4627: '#include "../../idlib/precompiled.h"': skipped when looking for precompiled header use
          Add directive to 'precompiled header (.h) file' or rebuild precompiled header
  Tourney.cpp
game\mp\Tourney.cpp(7): warning C4627: '#include "../../idlib/precompiled.h"': skipped when looking for precompiled header use
          Add directive to 'precompiled header (.h) file' or rebuild precompiled header
  VoiceComms.cpp
game\mp\VoiceComms.cpp(1): warning C4627: '#include "../../idlib/precompiled.h"': skipped when looking for precompiled header use
          Add directive to 'precompiled header (.h) file' or rebuild precompiled header
  StatEvent.cpp
game\mp\stats\StatEvent.cpp(7): warning C4627: '#include "../../../idlib/precompiled.h"': skipped when looking for precompiled header use
          Add directive to 'precompiled header (.h) file' or rebuild precompiled header
  StatManager.cpp
game\mp\stats\StatManager.cpp(7): warning C4627: '#include "../../../idlib/precompiled.h"': skipped when looking for precompiled header use
          Add directive to 'precompiled header (.h) file' or rebuild precompiled header
game\mp\stats\StatManager.cpp(914): warning C4996: 'localtime': This function or variable may be unsafe. Consider using localtime_s instead. To disable deprecation, use _CRT_SECURE_NO_WARNINGS. See online help for details.
          E:\visual studio\VC\include\time.inl(112) : see declaration of 'localtime'
game\mp\stats\StatManager.cpp(915): warning C4996: 'asctime': This function or variable may be unsafe. Consider using asctime_s instead. To disable deprecation, use _CRT_SECURE_NO_WARNINGS. See online help for details.
          E:\visual studio\VC\include\time.h(174) : see declaration of 'asctime'
  StatWindow.cpp
game\mp\stats\StatWindow.cpp(7): warning C4627: '#include "../../../idlib/precompiled.h"': skipped when looking for precompiled header use
          Add directive to 'precompiled header (.h) file' or rebuild precompiled header
  Clip.cpp
game\physics\Clip.cpp(2): warning C4627: '#include "../../idlib/precompiled.h"': skipped when looking for precompiled header use
          Add directive to 'precompiled header (.h) file' or rebuild precompiled header
  Force.cpp
game\physics\Force.cpp(2): warning C4627: '#include "../../idlib/precompiled.h"': skipped when looking for precompiled header use
          Add directive to 'precompiled header (.h) file' or rebuild precompiled header
  Force_Constant.cpp
game\physics\Force_Constant.cpp(2): warning C4627: '#include "../../idlib/precompiled.h"': skipped when looking for precompiled header use
          Add directive to 'precompiled header (.h) file' or rebuild precompiled header
  Force_Drag.cpp
game\physics\Force_Drag.cpp(2): warning C4627: '#include "../../idlib/precompiled.h"': skipped when looking for precompiled header use
          Add directive to 'precompiled header (.h) file' or rebuild precompiled header
  Force_Field.cpp
game\physics\Force_Field.cpp(2): warning C4627: '#include "../../idlib/precompiled.h"': skipped when looking for precompiled header use
          Add directive to 'precompiled header (.h) file' or rebuild precompiled header
  Force_Spring.cpp
game\physics\Force_Spring.cpp(2): warning C4627: '#include "../../idlib/precompiled.h"': skipped when looking for precompiled header use
          Add directive to 'precompiled header (.h) file' or rebuild precompiled header
  Physics.cpp
game\physics\Physics.cpp(2): warning C4627: '#include "../../idlib/precompiled.h"': skipped when looking for precompiled header use
          Add directive to 'precompiled header (.h) file' or rebuild precompiled header
  Physics_AF.cpp
game\physics\Physics_AF.cpp(2): warning C4627: '#include "../../idlib/precompiled.h"': skipped when looking for precompiled header use
          Add directive to 'precompiled header (.h) file' or rebuild precompiled header
  Physics_Actor.cpp
game\physics\Physics_Actor.cpp(2): warning C4627: '#include "../../idlib/precompiled.h"': skipped when looking for precompiled header use
          Add directive to 'precompiled header (.h) file' or rebuild precompiled header
  Physics_Base.cpp
game\physics\Physics_Base.cpp(2): warning C4627: '#include "../../idlib/precompiled.h"': skipped when looking for precompiled header use
          Add directive to 'precompiled header (.h) file' or rebuild precompiled header
  Physics_Monster.cpp
game\physics\Physics_Monster.cpp(2): warning C4627: '#include "../../idlib/precompiled.h"': skipped when looking for precompiled header use
          Add directive to 'precompiled header (.h) file' or rebuild precompiled header
  Generating Code...
  Compiling...
  Physics_Parametric.cpp
game\physics\Physics_Parametric.cpp(2): warning C4627: '#include "../../idlib/precompiled.h"': skipped when looking for precompiled header use
          Add directive to 'precompiled header (.h) file' or rebuild precompiled header
  Physics_Particle.cpp
game\physics\Physics_Particle.cpp(1): warning C4627: '#include "../../idlib/precompiled.h"': skipped when looking for precompiled header use
          Add directive to 'precompiled header (.h) file' or rebuild precompiled header
  Physics_Player.cpp
game\physics\Physics_Player.cpp(1): warning C4627: '#include "../../idlib/precompiled.h"': skipped when looking for precompiled header use
          Add directive to 'precompiled header (.h) file' or rebuild precompiled header
  Physics_RigidBody.cpp
game\physics\Physics_RigidBody.cpp(2): warning C4627: '#include "../../idlib/precompiled.h"': skipped when looking for precompiled header use
          Add directive to 'precompiled header (.h) file' or rebuild precompiled header
  Physics_Static.cpp
game\physics\Physics_Static.cpp(2): warning C4627: '#include "../../idlib/precompiled.h"': skipped when looking for precompiled header use
          Add directive to 'precompiled header (.h) file' or rebuild precompiled header
  Physics_StaticMulti.cpp
game\physics\Physics_StaticMulti.cpp(2): warning C4627: '#include "../../idlib/precompiled.h"': skipped when looking for precompiled header use
          Add directive to 'precompiled header (.h) file' or rebuild precompiled header
  Physics_VehicleMonster.cpp
game\physics\Physics_VehicleMonster.cpp(2): warning C4627: '#include "../../idlib/precompiled.h"': skipped when looking for precompiled header use
          Add directive to 'precompiled header (.h) file' or rebuild precompiled header
  Push.cpp
game\physics\Push.cpp(2): warning C4627: '#include "../../idlib/precompiled.h"': skipped when looking for precompiled header use
          Add directive to 'precompiled header (.h) file' or rebuild precompiled header
  ScriptFuncUtility.cpp
game\script\ScriptFuncUtility.cpp(1): warning C4627: '#include "../../idlib/precompiled.h"': skipped when looking for precompiled header use
          Add directive to 'precompiled header (.h) file' or rebuild precompiled header
  Script_Compiler.cpp
game\script\Script_Compiler.cpp(2): warning C4627: '#include "../../idlib/precompiled.h"': skipped when looking for precompiled header use
          Add directive to 'precompiled header (.h) file' or rebuild precompiled header
game\script\Script_Compiler.cpp(226): warning C4996: 'vsprintf': This function or variable may be unsafe. Consider using vsprintf_s instead. To disable deprecation, use _CRT_SECURE_NO_WARNINGS. See online help for details.
          E:\visual studio\VC\include\stdio.h(356) : see declaration of 'vsprintf'
game\script\Script_Compiler.cpp(244): warning C4996: 'vsprintf': This function or variable may be unsafe. Consider using vsprintf_s instead. To disable deprecation, use _CRT_SECURE_NO_WARNINGS. See online help for details.
          E:\visual studio\VC\include\stdio.h(356) : see declaration of 'vsprintf'
  Script_Interpreter.cpp
game\script\Script_Interpreter.cpp(2): warning C4627: '#include "../../idlib/precompiled.h"': skipped when looking for precompiled header use
          Add directive to 'precompiled header (.h) file' or rebuild precompiled header
game\script\Script_Interpreter.cpp(447): warning C4996: 'vsprintf': This function or variable may be unsafe. Consider using vsprintf_s instead. To disable deprecation, use _CRT_SECURE_NO_WARNINGS. See online help for details.
          E:\visual studio\VC\include\stdio.h(356) : see declaration of 'vsprintf'
game\script\Script_Interpreter.cpp(472): warning C4996: 'vsprintf': This function or variable may be unsafe. Consider using vsprintf_s instead. To disable deprecation, use _CRT_SECURE_NO_WARNINGS. See online help for details.
          E:\visual studio\VC\include\stdio.h(356) : see declaration of 'vsprintf'
  Script_Program.cpp
game\script\Script_Program.cpp(2): warning C4627: '#include "../../idlib/precompiled.h"': skipped when looking for precompiled header use
          Add directive to 'precompiled header (.h) file' or rebuild precompiled header
game\script\Script_Program.cpp(543): warning C4996: 'sscanf': This function or variable may be unsafe. Consider using sscanf_s instead. To disable deprecation, use _CRT_SECURE_NO_WARNINGS. See online help for details.
          E:\visual studio\VC\include\stdio.h(304) : see declaration of 'sscanf'
game\script\Script_Program.cpp(587): warning C4996: 'sscanf': This function or variable may be unsafe. Consider using sscanf_s instead. To disable deprecation, use _CRT_SECURE_NO_WARNINGS. See online help for details.
          E:\visual studio\VC\include\stdio.h(304) : see declaration of 'sscanf'
game\script\Script_Program.cpp(631): warning C4996: 'sscanf': This function or variable may be unsafe. Consider using sscanf_s instead. To disable deprecation, use _CRT_SECURE_NO_WARNINGS. See online help for details.
          E:\visual studio\VC\include\stdio.h(304) : see declaration of 'sscanf'
game\script\Script_Program.cpp(759): warning C4996: 'sscanf': This function or variable may be unsafe. Consider using sscanf_s instead. To disable deprecation, use _CRT_SECURE_NO_WARNINGS. See online help for details.
          E:\visual studio\VC\include\stdio.h(304) : see declaration of 'sscanf'
  Script_Thread.cpp
game\script\Script_Thread.cpp(2): warning C4627: '#include "../../idlib/precompiled.h"': skipped when looking for precompiled header use
          Add directive to 'precompiled header (.h) file' or rebuild precompiled header
game\script\Script_Thread.cpp(919): warning C4996: 'vsprintf': This function or variable may be unsafe. Consider using vsprintf_s instead. To disable deprecation, use _CRT_SECURE_NO_WARNINGS. See online help for details.
          E:\visual studio\VC\include\stdio.h(356) : see declaration of 'vsprintf'
game\script\Script_Thread.cpp(935): warning C4996: 'vsprintf': This function or variable may be unsafe. Consider using vsprintf_s instead. To disable deprecation, use _CRT_SECURE_NO_WARNINGS. See online help for details.
          E:\visual studio\VC\include\stdio.h(356) : see declaration of 'vsprintf'
  spawner.cpp
  Vehicle.cpp
game\vehicle\Vehicle.cpp(7): warning C4627: '#include "../../idlib/precompiled.h"': skipped when looking for precompiled header use
          Add directive to 'precompiled header (.h) file' or rebuild precompiled header
game\vehicle\Vehicle.cpp(1577): warning C4996: 'sscanf': This function or variable may be unsafe. Consider using sscanf_s instead. To disable deprecation, use _CRT_SECURE_NO_WARNINGS. See online help for details.
          E:\visual studio\VC\include\stdio.h(304) : see declaration of 'sscanf'
  VehicleAnimated.cpp
game\vehicle\VehicleAnimated.cpp(7): warning C4627: '#include "../../idlib/precompiled.h"': skipped when looking for precompiled header use
          Add directive to 'precompiled header (.h) file' or rebuild precompiled header
  VehicleController.cpp
game\vehicle\VehicleController.cpp(7): warning C4627: '#include "../../idlib/precompiled.h"': skipped when looking for precompiled header use
          Add directive to 'precompiled header (.h) file' or rebuild precompiled header
  VehicleDriver.cpp
game\vehicle\VehicleDriver.cpp(7): warning C4627: '#include "../../idlib/precompiled.h"': skipped when looking for precompiled header use
          Add directive to 'precompiled header (.h) file' or rebuild precompiled header
  VehicleMonster.cpp
game\vehicle\VehicleMonster.cpp(7): warning C4627: '#include "../../idlib/precompiled.h"': skipped when looking for precompiled header use
          Add directive to 'precompiled header (.h) file' or rebuild precompiled header
  VehicleParts.cpp
game\vehicle\VehicleParts.cpp(7): warning C4627: '#include "../../idlib/precompiled.h"': skipped when looking for precompiled header use
          Add directive to 'precompiled header (.h) file' or rebuild precompiled header
  Generating Code...
c:\users\k\git\q4\game-mod-q4\game\script\script_compiler.cpp(347): warning C4702: unreachable code
c:\users\k\git\q4\game-mod-q4\game\script\script_compiler.cpp(1008): warning C4702: unreachable code
c:\users\k\git\q4\game-mod-q4\game\script\script_compiler.cpp(1302): warning C4702: unreachable code
c:\users\k\git\q4\game-mod-q4\game\script\script_compiler.cpp(1336): warning C4702: unreachable code
c:\users\k\git\q4\game-mod-q4\game\script\script_compiler.cpp(1347): warning C4702: unreachable code
c:\users\k\git\q4\game-mod-q4\game\script\script_compiler.cpp(1379): warning C4702: unreachable code
c:\users\k\git\q4\game-mod-q4\idlib\math\curve.h(240): warning C4750: 'float __thiscall idCurve<class idVec3>::RombergIntegral(float,float,int)const ': function with _alloca() inlined into a loop
c:\users\k\git\q4\game-mod-q4\idlib\math\curve.h(225): warning C4750: 'float __thiscall idCurve<class idVec3>::RombergIntegral(float,float,int)const ': function with _alloca() inlined into a loop
c:\users\k\git\q4\game-mod-q4\idlib\math\curve.h(263): warning C4750: 'float __thiscall idCurve<class idVec3>::GetLengthBetweenKnots(int,int)const ': function with _alloca() inlined into a loop
c:\users\k\git\q4\game-mod-q4\idlib\math\curve.h(285): warning C4750: 'float __thiscall idCurve<class idVec3>::RombergIntegral(float,float,int)const ': function with _alloca() inlined into a loop
  Compiling...
  VehiclePosition.cpp
game\vehicle\VehiclePosition.cpp(7): warning C4627: '#include "../../idlib/precompiled.h"': skipped when looking for precompiled header use
          Add directive to 'precompiled header (.h) file' or rebuild precompiled header
  VehicleRigid.cpp
game\vehicle\VehicleRigid.cpp(7): warning C4627: '#include "../../idlib/precompiled.h"': skipped when looking for precompiled header use
          Add directive to 'precompiled header (.h) file' or rebuild precompiled header
  VehicleSpline.cpp
game\vehicle\VehicleSpline.cpp(7): warning C4627: '#include "../../idlib/precompiled.h"': skipped when looking for precompiled header use
          Add directive to 'precompiled header (.h) file' or rebuild precompiled header
  VehicleStatic.cpp
game\vehicle\VehicleStatic.cpp(7): warning C4627: '#include "../../idlib/precompiled.h"': skipped when looking for precompiled header use
          Add directive to 'precompiled header (.h) file' or rebuild precompiled header
  Vehicle_DropPod.cpp
game\vehicle\Vehicle_DropPod.cpp(1): warning C4627: '#include "../../idlib/precompiled.h"': skipped when looking for precompiled header use
          Add directive to 'precompiled header (.h) file' or rebuild precompiled header
  Vehicle_Walker.cpp
game\vehicle\Vehicle_Walker.cpp(1): warning C4627: '#include "../../idlib/precompiled.h"': skipped when looking for precompiled header use
          Add directive to 'precompiled header (.h) file' or rebuild precompiled header
  WeaponBlaster.cpp
game\weapon\WeaponBlaster.cpp(1): warning C4627: '#include "../../idlib/precompiled.h"': skipped when looking for precompiled header use
          Add directive to 'precompiled header (.h) file' or rebuild precompiled header
  WeaponDarkMatterGun.cpp
game\weapon\WeaponDarkMatterGun.cpp(1): warning C4627: '#include "../../idlib/precompiled.h"': skipped when looking for precompiled header use
          Add directive to 'precompiled header (.h) file' or rebuild precompiled header
  WeaponGauntlet.cpp
game\weapon\WeaponGauntlet.cpp(1): warning C4627: '#include "../../idlib/precompiled.h"': skipped when looking for precompiled header use
          Add directive to 'precompiled header (.h) file' or rebuild precompiled header
  WeaponGrenadeLauncher.cpp
game\weapon\WeaponGrenadeLauncher.cpp(1): warning C4627: '#include "../../idlib/precompiled.h"': skipped when looking for precompiled header use
          Add directive to 'precompiled header (.h) file' or rebuild precompiled header
  WeaponHyperblaster.cpp
game\weapon\WeaponHyperblaster.cpp(1): warning C4627: '#include "../../idlib/precompiled.h"': skipped when looking for precompiled header use
          Add directive to 'precompiled header (.h) file' or rebuild precompiled header
  WeaponLightningGun.cpp
game\weapon\WeaponLightningGun.cpp(1): warning C4627: '#include "../../idlib/precompiled.h"': skipped when looking for precompiled header use
          Add directive to 'precompiled header (.h) file' or rebuild precompiled header
  WeaponMachinegun.cpp
game\weapon\WeaponMachinegun.cpp(1): warning C4627: '#include "../../idlib/precompiled.h"': skipped when looking for precompiled header use
          Add directive to 'precompiled header (.h) file' or rebuild precompiled header
  WeaponNailgun.cpp
game\weapon\WeaponNailgun.cpp(1): warning C4627: '#include "../../idlib/precompiled.h"': skipped when looking for precompiled header use
          Add directive to 'precompiled header (.h) file' or rebuild precompiled header
  WeaponNapalmGun.cpp
game\weapon\WeaponNapalmGun.cpp(1): warning C4627: '#include "../../idlib/precompiled.h"': skipped when looking for precompiled header use
          Add directive to 'precompiled header (.h) file' or rebuild precompiled header
  WeaponRailgun.cpp
game\weapon\WeaponRailgun.cpp(1): warning C4627: '#include "../../idlib/precompiled.h"': skipped when looking for precompiled header use
          Add directive to 'precompiled header (.h) file' or rebuild precompiled header
  WeaponRocketLauncher.cpp
game\weapon\WeaponRocketLauncher.cpp(1): warning C4627: '#include "../../idlib/precompiled.h"': skipped when looking for precompiled header use
          Add directive to 'precompiled header (.h) file' or rebuild precompiled header
  WeaponShotgun.cpp
game\weapon\WeaponShotgun.cpp(1): warning C4627: '#include "../../idlib/precompiled.h"': skipped when looking for precompiled header use
          Add directive to 'precompiled header (.h) file' or rebuild precompiled header
  Generating Code...
C:\Program Files (x86)\MSBuild\Microsoft.Cpp\v4.0\V120\Microsoft.CppBuild.targets(1186,5): warning MSB8012: TargetPath(C:\Users\K\git\Q4\Game-Mod-Q4\../Win32/Release\game.dll) does not match the Linker's OutputFile property value (C:\Users\K\git\Q4\Win32\Release\gamex86.dll). This may cause your project to build incorrectly. To correct this, please make sure that $(OutDir), $(TargetName) and $(TargetExt) property values match the value specified in %(Link.OutputFile).
C:\Program Files (x86)\MSBuild\Microsoft.Cpp\v4.0\V120\Microsoft.CppBuild.targets(1188,5): warning MSB8012: TargetName(game) does not match the Linker's OutputFile property value (gamex86). This may cause your project to build incorrectly. To correct this, please make sure that $(OutDir), $(TargetName) and $(TargetExt) property values match the value specified in %(Link.OutputFile).
     Creating library ../Win32/Release\gamex86.lib and object ../Win32/Release\gamex86.exp
  game.vcxproj -> C:\Users\K\git\Q4\Game-Mod-Q4\../Win32/Release\game.dll
