C:\Program Files (x86)\MSBuild\Microsoft.Cpp\v4.0\V120\Microsoft.CppBuild.targets(381,5): warning MSB8028: The intermediate directory (../Win32/Release\) contains files shared from another project (game.vcxproj).  This can lead to incorrect clean and rebuild behavior.
  Lib.cpp
c:\users\k\git\q4\game-mod-q4\idlib\../idlib/Lib.h(120): warning C4996: 'strcpy': This function or variable may be unsafe. Consider using strcpy_s instead. To disable deprecation, use _CRT_SECURE_NO_WARNINGS. See online help for details.
          E:\visual studio\VC\include\string.h(112) : see declaration of 'strcpy'
c:\users\k\git\q4\game-mod-q4\idlib\Str.h(406): warning C4996: 'strcpy': This function or variable may be unsafe. Consider using strcpy_s instead. To disable deprecation, use _CRT_SECURE_NO_WARNINGS. See online help for details.
          E:\visual studio\VC\include\string.h(112) : see declaration of 'strcpy'
c:\users\k\git\q4\game-mod-q4\idlib\Str.h(446): warning C4996: 'strcpy': This function or variable may be unsafe. Consider using strcpy_s instead. To disable deprecation, use _CRT_SECURE_NO_WARNINGS. See online help for details.
          E:\visual studio\VC\include\string.h(112) : see declaration of 'strcpy'
c:\users\k\git\q4\game-mod-q4\idlib\Str.h(501): warning C4996: 'sprintf': This function or variable may be unsafe. Consider using sprintf_s instead. To disable deprecation, use _CRT_SECURE_NO_WARNINGS. See online help for details.
          E:\visual studio\VC\include\stdio.h(356) : see declaration of 'sprintf'
c:\users\k\git\q4\game-mod-q4\idlib\Str.h(503): warning C4996: 'strcpy': This function or variable may be unsafe. Consider using strcpy_s instead. To disable deprecation, use _CRT_SECURE_NO_WARNINGS. See online help for details.
          E:\visual studio\VC\include\string.h(112) : see declaration of 'strcpy'
c:\users\k\git\q4\game-mod-q4\idlib\Str.h(512): warning C4996: 'sprintf': This function or variable may be unsafe. Consider using sprintf_s instead. To disable deprecation, use _CRT_SECURE_NO_WARNINGS. See online help for details.
          E:\visual studio\VC\include\stdio.h(356) : see declaration of 'sprintf'
c:\users\k\git\q4\game-mod-q4\idlib\Str.h(514): warning C4996: 'strcpy': This function or variable may be unsafe. Consider using strcpy_s instead. To disable deprecation, use _CRT_SECURE_NO_WARNINGS. See online help for details.
          E:\visual studio\VC\include\string.h(112) : see declaration of 'strcpy'
c:\users\k\git\q4\game-mod-q4\idlib\Str.h(527): warning C4996: 'strcpy': This function or variable may be unsafe. Consider using strcpy_s instead. To disable deprecation, use _CRT_SECURE_NO_WARNINGS. See online help for details.
          E:\visual studio\VC\include\string.h(112) : see declaration of 'strcpy'
c:\users\k\git\q4\game-mod-q4\idlib\Str.h(605): warning C4996: 'sprintf': This function or variable may be unsafe. Consider using sprintf_s instead. To disable deprecation, use _CRT_SECURE_NO_WARNINGS. See online help for details.
          E:\visual studio\VC\include\stdio.h(356) : see declaration of 'sprintf'
c:\users\k\git\q4\game-mod-q4\idlib\Str.h(615): warning C4996: 'sprintf': This function or variable may be unsafe. Consider using sprintf_s instead. To disable deprecation, use _CRT_SECURE_NO_WARNINGS. See online help for details.
          E:\visual studio\VC\include\stdio.h(356) : see declaration of 'sprintf'
c:\users\k\git\q4\game-mod-q4\idlib\Str.h(625): warning C4996: 'sprintf': This function or variable may be unsafe. Consider using sprintf_s instead. To disable deprecation, use _CRT_SECURE_NO_WARNINGS. See online help for details.
          E:\visual studio\VC\include\stdio.h(356) : see declaration of 'sprintf'
c:\users\k\git\q4\game-mod-q4\idlib\Str.h(634): warning C4996: 'sprintf': This function or variable may be unsafe. Consider using sprintf_s instead. To disable deprecation, use _CRT_SECURE_NO_WARNINGS. See online help for details.
          E:\visual studio\VC\include\stdio.h(356) : see declaration of 'sprintf'
c:\users\k\git\q4\game-mod-q4\idlib\Str.h(643): warning C4996: 'sprintf': This function or variable may be unsafe. Consider using sprintf_s instead. To disable deprecation, use _CRT_SECURE_NO_WARNINGS. See online help for details.
          E:\visual studio\VC\include\stdio.h(356) : see declaration of 'sprintf'
c:\users\k\git\q4\game-mod-q4\idlib\Str.h(652): warning C4996: 'sprintf': This function or variable may be unsafe. Consider using sprintf_s instead. To disable deprecation, use _CRT_SECURE_NO_WARNINGS. See online help for details.
          E:\visual studio\VC\include\stdio.h(356) : see declaration of 'sprintf'
c:\users\k\git\q4\game-mod-q4\idlib\Base64.h(80): warning C4996: 'strcpy': This function or variable may be unsafe. Consider using strcpy_s instead. To disable deprecation, use _CRT_SECURE_NO_WARNINGS. See online help for details.
          E:\visual studio\VC\include\string.h(112) : see declaration of 'strcpy'
c:\users\k\git\q4\game-mod-q4\game\script/Script_Interpreter.h(151): warning C4996: 'sprintf': This function or variable may be unsafe. Consider using sprintf_s instead. To disable deprecation, use _CRT_SECURE_NO_WARNINGS. See online help for details.
          E:\visual studio\VC\include\stdio.h(356) : see declaration of 'sprintf'
c:\users\k\git\q4\game-mod-q4\game\script/Script_Interpreter.h(153): warning C4996: 'sprintf': This function or variable may be unsafe. Consider using sprintf_s instead. To disable deprecation, use _CRT_SECURE_NO_WARNINGS. See online help for details.
          E:\visual studio\VC\include\stdio.h(356) : see declaration of 'sprintf'
  Base64.cpp
  BitMsg.cpp
  CmdArgs.cpp
idlib\CmdArgs.cpp(2): warning C4627: '#include "../idlib/precompiled.h"': skipped when looking for precompiled header use
          Add directive to 'precompiled header (.h) file' or rebuild precompiled header
idlib\CmdArgs.cpp(36): warning C4996: 'strcat': This function or variable may be unsafe. Consider using strcat_s instead. To disable deprecation, use _CRT_SECURE_NO_WARNINGS. See online help for details.
          E:\visual studio\VC\include\string.h(118) : see declaration of 'strcat'
idlib\CmdArgs.cpp(41): warning C4996: 'strcat': This function or variable may be unsafe. Consider using strcat_s instead. To disable deprecation, use _CRT_SECURE_NO_WARNINGS. See online help for details.
          E:\visual studio\VC\include\string.h(118) : see declaration of 'strcat'
idlib\CmdArgs.cpp(43): warning C4996: 'strcat': This function or variable may be unsafe. Consider using strcat_s instead. To disable deprecation, use _CRT_SECURE_NO_WARNINGS. See online help for details.
          E:\visual studio\VC\include\string.h(118) : see declaration of 'strcat'
idlib\CmdArgs.cpp(50): warning C4996: 'strcat': This function or variable may be unsafe. Consider using strcat_s instead. To disable deprecation, use _CRT_SECURE_NO_WARNINGS. See online help for details.
          E:\visual studio\VC\include\string.h(118) : see declaration of 'strcat'
idlib\CmdArgs.cpp(59): warning C4996: 'strcat': This function or variable may be unsafe. Consider using strcat_s instead. To disable deprecation, use _CRT_SECURE_NO_WARNINGS. See online help for details.
          E:\visual studio\VC\include\string.h(118) : see declaration of 'strcat'
idlib\CmdArgs.cpp(63): warning C4996: 'strcat': This function or variable may be unsafe. Consider using strcat_s instead. To disable deprecation, use _CRT_SECURE_NO_WARNINGS. See online help for details.
          E:\visual studio\VC\include\string.h(118) : see declaration of 'strcat'
  Dict.cpp
idlib\Dict.cpp(338): warning C4996: 'sscanf': This function or variable may be unsafe. Consider using sscanf_s instead. To disable deprecation, use _CRT_SECURE_NO_WARNINGS. See online help for details.
          E:\visual studio\VC\include\stdio.h(304) : see declaration of 'sscanf'
idlib\Dict.cpp(357): warning C4996: 'sscanf': This function or variable may be unsafe. Consider using sscanf_s instead. To disable deprecation, use _CRT_SECURE_NO_WARNINGS. See online help for details.
          E:\visual studio\VC\include\stdio.h(304) : see declaration of 'sscanf'
idlib\Dict.cpp(376): warning C4996: 'sscanf': This function or variable may be unsafe. Consider using sscanf_s instead. To disable deprecation, use _CRT_SECURE_NO_WARNINGS. See online help for details.
          E:\visual studio\VC\include\stdio.h(304) : see declaration of 'sscanf'
idlib\Dict.cpp(395): warning C4996: 'sscanf': This function or variable may be unsafe. Consider using sscanf_s instead. To disable deprecation, use _CRT_SECURE_NO_WARNINGS. See online help for details.
          E:\visual studio\VC\include\stdio.h(304) : see declaration of 'sscanf'
idlib\Dict.cpp(414): warning C4996: 'sscanf': This function or variable may be unsafe. Consider using sscanf_s instead. To disable deprecation, use _CRT_SECURE_NO_WARNINGS. See online help for details.
          E:\visual studio\VC\include\stdio.h(304) : see declaration of 'sscanf'
  Heap.cpp
idlib\Heap.cpp(2): warning C4627: '#include "../idlib/precompiled.h"': skipped when looking for precompiled header use
          Add directive to 'precompiled header (.h) file' or rebuild precompiled header
idlib\Heap.cpp(1639): warning C4996: 'strcpy': This function or variable may be unsafe. Consider using strcpy_s instead. To disable deprecation, use _CRT_SECURE_NO_WARNINGS. See online help for details.
          E:\visual studio\VC\include\string.h(112) : see declaration of 'strcpy'
  LangDict.cpp
  Lexer.cpp
idlib\Lexer.cpp(625): warning C4996: 'vsprintf': This function or variable may be unsafe. Consider using vsprintf_s instead. To disable deprecation, use _CRT_SECURE_NO_WARNINGS. See online help for details.
          E:\visual studio\VC\include\stdio.h(356) : see declaration of 'vsprintf'
idlib\Lexer.cpp(649): warning C4996: 'vsprintf': This function or variable may be unsafe. Consider using vsprintf_s instead. To disable deprecation, use _CRT_SECURE_NO_WARNINGS. See online help for details.
          E:\visual studio\VC\include\stdio.h(356) : see declaration of 'vsprintf'
idlib\Lexer.cpp(2750): warning C4996: 'vsprintf': This function or variable may be unsafe. Consider using vsprintf_s instead. To disable deprecation, use _CRT_SECURE_NO_WARNINGS. See online help for details.
          E:\visual studio\VC\include\stdio.h(356) : see declaration of 'vsprintf'
idlib\Lexer.cpp(2761): warning C4996: 'vsprintf': This function or variable may be unsafe. Consider using vsprintf_s instead. To disable deprecation, use _CRT_SECURE_NO_WARNINGS. See online help for details.
          E:\visual studio\VC\include\stdio.h(356) : see declaration of 'vsprintf'
  LexerFactory.cpp
  Parser.cpp
idlib\Parser.cpp(218): warning C4996: 'strcpy': This function or variable may be unsafe. Consider using strcpy_s instead. To disable deprecation, use _CRT_SECURE_NO_WARNINGS. See online help for details.
          E:\visual studio\VC\include\string.h(112) : see declaration of 'strcpy'
idlib\Parser.cpp(301): warning C4996: 'vsprintf': This function or variable may be unsafe. Consider using vsprintf_s instead. To disable deprecation, use _CRT_SECURE_NO_WARNINGS. See online help for details.
          E:\visual studio\VC\include\stdio.h(356) : see declaration of 'vsprintf'
idlib\Parser.cpp(318): warning C4996: 'vsprintf': This function or variable may be unsafe. Consider using vsprintf_s instead. To disable deprecation, use _CRT_SECURE_NO_WARNINGS. See online help for details.
          E:\visual studio\VC\include\stdio.h(356) : see declaration of 'vsprintf'
idlib\Parser.cpp(626): warning C4996: 'strcpy': This function or variable may be unsafe. Consider using strcpy_s instead. To disable deprecation, use _CRT_SECURE_NO_WARNINGS. See online help for details.
          E:\visual studio\VC\include\string.h(112) : see declaration of 'strcpy'
idlib\Parser.cpp(667): warning C4996: 'sprintf': This function or variable may be unsafe. Consider using sprintf_s instead. To disable deprecation, use _CRT_SECURE_NO_WARNINGS. See online help for details.
          E:\visual studio\VC\include\stdio.h(356) : see declaration of 'sprintf'
idlib\Parser.cpp(693): warning C4996: 'ctime': This function or variable may be unsafe. Consider using ctime_s instead. To disable deprecation, use _CRT_SECURE_NO_WARNINGS. See online help for details.
          E:\visual studio\VC\include\time.inl(86) : see declaration of 'ctime'
idlib\Parser.cpp(712): warning C4996: 'ctime': This function or variable may be unsafe. Consider using ctime_s instead. To disable deprecation, use _CRT_SECURE_NO_WARNINGS. See online help for details.
          E:\visual studio\VC\include\time.inl(86) : see declaration of 'ctime'
idlib\Parser.cpp(1084): warning C4996: 'strcpy': This function or variable may be unsafe. Consider using strcpy_s instead. To disable deprecation, use _CRT_SECURE_NO_WARNINGS. See online help for details.
          E:\visual studio\VC\include\string.h(112) : see declaration of 'strcpy'
idlib\Parser.cpp(2110): warning C4996: 'sprintf': This function or variable may be unsafe. Consider using sprintf_s instead. To disable deprecation, use _CRT_SECURE_NO_WARNINGS. See online help for details.
          E:\visual studio\VC\include\stdio.h(356) : see declaration of 'sprintf'
idlib\Parser.cpp(2140): warning C4996: 'sprintf': This function or variable may be unsafe. Consider using sprintf_s instead. To disable deprecation, use _CRT_SECURE_NO_WARNINGS. See online help for details.
          E:\visual studio\VC\include\stdio.h(356) : see declaration of 'sprintf'
idlib\Parser.cpp(2249): warning C4996: 'sprintf': This function or variable may be unsafe. Consider using sprintf_s instead. To disable deprecation, use _CRT_SECURE_NO_WARNINGS. See online help for details.
          E:\visual studio\VC\include\stdio.h(356) : see declaration of 'sprintf'
idlib\Parser.cpp(2281): warning C4996: 'sprintf': This function or variable may be unsafe. Consider using sprintf_s instead. To disable deprecation, use _CRT_SECURE_NO_WARNINGS. See online help for details.
          E:\visual studio\VC\include\stdio.h(356) : see declaration of 'sprintf'
  Str.cpp
idlib\Str.cpp(217): warning C4996: 'strcpy': This function or variable may be unsafe. Consider using strcpy_s instead. To disable deprecation, use _CRT_SECURE_NO_WARNINGS. See online help for details.
          E:\visual studio\VC\include\string.h(112) : see declaration of 'strcpy'
idlib\Str.cpp(298): warning C4996: 'strcpy': This function or variable may be unsafe. Consider using strcpy_s instead. To disable deprecation, use _CRT_SECURE_NO_WARNINGS. See online help for details.
          E:\visual studio\VC\include\string.h(112) : see declaration of 'strcpy'
idlib\Str.cpp(1685): warning C4996: 'strncpy': This function or variable may be unsafe. Consider using strncpy_s instead. To disable deprecation, use _CRT_SECURE_NO_WARNINGS. See online help for details.
          E:\visual studio\VC\include\string.h(195) : see declaration of 'strncpy'
idlib\Str.cpp(1849): warning C4996: 'vsprintf': This function or variable may be unsafe. Consider using vsprintf_s instead. To disable deprecation, use _CRT_SECURE_NO_WARNINGS. See online help for details.
          E:\visual studio\VC\include\stdio.h(356) : see declaration of 'vsprintf'
idlib\Str.cpp(1885): warning C4996: '_vsnprintf': This function or variable may be unsafe. Consider using _vsnprintf_s instead. To disable deprecation, use _CRT_SECURE_NO_WARNINGS. See online help for details.
          E:\visual studio\VC\include\stdio.h(346) : see declaration of '_vsnprintf'
idlib\Str.cpp(1959): warning C4996: 'vsprintf': This function or variable may be unsafe. Consider using vsprintf_s instead. To disable deprecation, use _CRT_SECURE_NO_WARNINGS. See online help for details.
          E:\visual studio\VC\include\stdio.h(356) : see declaration of 'vsprintf'
  TextCompiler.cpp
  Timer.cpp
  TimingCollection.cpp
idlib\TimingCollection.cpp(78): warning C4996: 'sprintf': This function or variable may be unsafe. Consider using sprintf_s instead. To disable deprecation, use _CRT_SECURE_NO_WARNINGS. See online help for details.
          E:\visual studio\VC\include\stdio.h(356) : see declaration of 'sprintf'
idlib\TimingCollection.cpp(92): warning C4996: 'sprintf': This function or variable may be unsafe. Consider using sprintf_s instead. To disable deprecation, use _CRT_SECURE_NO_WARNINGS. See online help for details.
          E:\visual studio\VC\include\stdio.h(356) : see declaration of 'sprintf'
idlib\TimingCollection.cpp(95): warning C4996: 'sprintf': This function or variable may be unsafe. Consider using sprintf_s instead. To disable deprecation, use _CRT_SECURE_NO_WARNINGS. See online help for details.
          E:\visual studio\VC\include\stdio.h(356) : see declaration of 'sprintf'
idlib\TimingCollection.cpp(200): warning C4996: 'sprintf': This function or variable may be unsafe. Consider using sprintf_s instead. To disable deprecation, use _CRT_SECURE_NO_WARNINGS. See online help for details.
          E:\visual studio\VC\include\stdio.h(356) : see declaration of 'sprintf'
idlib\TimingCollection.cpp(204): warning C4996: 'sprintf': This function or variable may be unsafe. Consider using sprintf_s instead. To disable deprecation, use _CRT_SECURE_NO_WARNINGS. See online help for details.
          E:\visual studio\VC\include\stdio.h(356) : see declaration of 'sprintf'
idlib\TimingCollection.cpp(212): warning C4996: 'sprintf': This function or variable may be unsafe. Consider using sprintf_s instead. To disable deprecation, use _CRT_SECURE_NO_WARNINGS. See online help for details.
          E:\visual studio\VC\include\stdio.h(356) : see declaration of 'sprintf'
idlib\TimingCollection.cpp(217): warning C4996: 'sprintf': This function or variable may be unsafe. Consider using sprintf_s instead. To disable deprecation, use _CRT_SECURE_NO_WARNINGS. See online help for details.
          E:\visual studio\VC\include\stdio.h(356) : see declaration of 'sprintf'
  Token.cpp
  Bounds.cpp
idlib\bv\Bounds.cpp(2): warning C4627: '#include "../precompiled.h"': skipped when looking for precompiled header use
          Add directive to 'precompiled header (.h) file' or rebuild precompiled header
  Box.cpp
idlib\bv\Box.cpp(2): warning C4627: '#include "../precompiled.h"': skipped when looking for precompiled header use
          Add directive to 'precompiled header (.h) file' or rebuild precompiled header
  Frustum.cpp
idlib\bv\Frustum.cpp(2): warning C4627: '#include "../precompiled.h"': skipped when looking for precompiled header use
          Add directive to 'precompiled header (.h) file' or rebuild precompiled header
  Sphere.cpp
idlib\bv\Sphere.cpp(2): warning C4627: '#include "../precompiled.h"': skipped when looking for precompiled header use
          Add directive to 'precompiled header (.h) file' or rebuild precompiled header
  HashIndex.cpp
idlib\containers\HashIndex.cpp(2): warning C4627: '#include "../precompiled.h"': skipped when looking for precompiled header use
          Add directive to 'precompiled header (.h) file' or rebuild precompiled header
  JointTransform.cpp
idlib\geometry\JointTransform.cpp(2): warning C4627: '#include "../precompiled.h"': skipped when looking for precompiled header use
          Add directive to 'precompiled header (.h) file' or rebuild precompiled header
  Generating Code...
  Compiling...
  Surface.cpp
idlib\geometry\Surface.cpp(2): warning C4627: '#include "../precompiled.h"': skipped when looking for precompiled header use
          Add directive to 'precompiled header (.h) file' or rebuild precompiled header
  Surface_Patch.cpp
idlib\geometry\Surface_Patch.cpp(2): warning C4627: '#include "../precompiled.h"': skipped when looking for precompiled header use
          Add directive to 'precompiled header (.h) file' or rebuild precompiled header
  Surface_Polytope.cpp
idlib\geometry\Surface_Polytope.cpp(2): warning C4627: '#include "../precompiled.h"': skipped when looking for precompiled header use
          Add directive to 'precompiled header (.h) file' or rebuild precompiled header
  Surface_SweptSpline.cpp
idlib\geometry\Surface_SweptSpline.cpp(2): warning C4627: '#include "../precompiled.h"': skipped when looking for precompiled header use
          Add directive to 'precompiled header (.h) file' or rebuild precompiled header
  TraceModel.cpp
idlib\geometry\TraceModel.cpp(2): warning C4627: '#include "../../idlib/precompiled.h"': skipped when looking for precompiled header use
          Add directive to 'precompiled header (.h) file' or rebuild precompiled header
  Winding.cpp
idlib\geometry\Winding.cpp(2): warning C4627: '#include "../precompiled.h"': skipped when looking for precompiled header use
          Add directive to 'precompiled header (.h) file' or rebuild precompiled header
  Winding2D.cpp
idlib\geometry\Winding2D.cpp(2): warning C4627: '#include "../precompiled.h"': skipped when looking for precompiled header use
          Add directive to 'precompiled header (.h) file' or rebuild precompiled header
  CRC16.cpp
idlib\hashing\CRC16.cpp(2): warning C4627: '#include "../precompiled.h"': skipped when looking for precompiled header use
          Add directive to 'precompiled header (.h) file' or rebuild precompiled header
  CRC32.cpp
idlib\hashing\CRC32.cpp(2): warning C4627: '#include "../precompiled.h"': skipped when looking for precompiled header use
          Add directive to 'precompiled header (.h) file' or rebuild precompiled header
  CRC8.cpp
idlib\hashing\CRC8.cpp(2): warning C4627: '#include "../precompiled.h"': skipped when looking for precompiled header use
          Add directive to 'precompiled header (.h) file' or rebuild precompiled header
  Honeyman.cpp
idlib\hashing\Honeyman.cpp(2): warning C4627: '#include "../precompiled.h"': skipped when looking for precompiled header use
          Add directive to 'precompiled header (.h) file' or rebuild precompiled header
  MD4.cpp
idlib\hashing\MD4.cpp(2): warning C4627: '#include "../precompiled.h"': skipped when looking for precompiled header use
          Add directive to 'precompiled header (.h) file' or rebuild precompiled header
  MD5.cpp
idlib\hashing\MD5.cpp(2): warning C4627: '#include "../precompiled.h"': skipped when looking for precompiled header use
          Add directive to 'precompiled header (.h) file' or rebuild precompiled header
  mapfile.cpp
idlib\mapfile.cpp(726): warning C4996: 'sscanf': This function or variable may be unsafe. Consider using sscanf_s instead. To disable deprecation, use _CRT_SECURE_NO_WARNINGS. See online help for details.
          E:\visual studio\VC\include\stdio.h(304) : see declaration of 'sscanf'
idlib\mapfile.cpp(1197): warning C4996: 'sprintf': This function or variable may be unsafe. Consider using sprintf_s instead. To disable deprecation, use _CRT_SECURE_NO_WARNINGS. See online help for details.
          E:\visual studio\VC\include\stdio.h(356) : see declaration of 'sprintf'
idlib\mapfile.cpp(1307): warning C4996: 'sprintf': This function or variable may be unsafe. Consider using sprintf_s instead. To disable deprecation, use _CRT_SECURE_NO_WARNINGS. See online help for details.
          E:\visual studio\VC\include\stdio.h(356) : see declaration of 'sprintf'
  Angles.cpp
idlib\math\Angles.cpp(2): warning C4627: '#include "../precompiled.h"': skipped when looking for precompiled header use
          Add directive to 'precompiled header (.h) file' or rebuild precompiled header
  Complex.cpp
idlib\math\Complex.cpp(2): warning C4627: '#include "../precompiled.h"': skipped when looking for precompiled header use
          Add directive to 'precompiled header (.h) file' or rebuild precompiled header
  FFT.cpp
idlib\math\FFT.cpp(2): warning C4627: '#include "../precompiled.h"': skipped when looking for precompiled header use
          Add directive to 'precompiled header (.h) file' or rebuild precompiled header
  Lcp.cpp
idlib\math\Lcp.cpp(2): warning C4627: '#include "../precompiled.h"': skipped when looking for precompiled header use
          Add directive to 'precompiled header (.h) file' or rebuild precompiled header
  Math.cpp
idlib\math\Math.cpp(2): warning C4627: '#include "../precompiled.h"': skipped when looking for precompiled header use
          Add directive to 'precompiled header (.h) file' or rebuild precompiled header
  Matrix.cpp
idlib\math\Matrix.cpp(1): warning C4627: '#include "../precompiled.h"': skipped when looking for precompiled header use
          Add directive to 'precompiled header (.h) file' or rebuild precompiled header
  Generating Code...
c:\users\k\git\q4\game-mod-q4\idlib\math\matrix.cpp(3782): warning C4750: 'class idMatX & __thiscall idMatX::SwapRows(int,int)': function with _alloca() inlined into a loop
c:\users\k\git\q4\game-mod-q4\idlib\math\lcp.cpp(640): warning C4750: 'void __thiscall idLCP_Square::CalcForceDelta(int,float)': function with _alloca() inlined into a loop
  Compiling...
  Ode.cpp
idlib\math\Ode.cpp(2): warning C4627: '#include "../precompiled.h"': skipped when looking for precompiled header use
          Add directive to 'precompiled header (.h) file' or rebuild precompiled header
  Plane.cpp
idlib\math\Plane.cpp(2): warning C4627: '#include "../precompiled.h"': skipped when looking for precompiled header use
          Add directive to 'precompiled header (.h) file' or rebuild precompiled header
  Pluecker.cpp
idlib\math\Pluecker.cpp(2): warning C4627: '#include "../precompiled.h"': skipped when looking for precompiled header use
          Add directive to 'precompiled header (.h) file' or rebuild precompiled header
  Polynomial.cpp
idlib\math\Polynomial.cpp(2): warning C4627: '#include "../precompiled.h"': skipped when looking for precompiled header use
          Add directive to 'precompiled header (.h) file' or rebuild precompiled header
  Quat.cpp
idlib\math\Quat.cpp(2): warning C4627: '#include "../precompiled.h"': skipped when looking for precompiled header use
          Add directive to 'precompiled header (.h) file' or rebuild precompiled header
  Radians.cpp
idlib\math\Radians.cpp(1): warning C4627: '#include "../precompiled.h"': skipped when looking for precompiled header use
          Add directive to 'precompiled header (.h) file' or rebuild precompiled header
  Rotation.cpp
idlib\math\Rotation.cpp(2): warning C4627: '#include "../precompiled.h"': skipped when looking for precompiled header use
          Add directive to 'precompiled header (.h) file' or rebuild precompiled header
  Simd.cpp
idlib\math\Simd.cpp(2): warning C4627: '#include "../precompiled.h"': skipped when looking for precompiled header use
          Add directive to 'precompiled header (.h) file' or rebuild precompiled header
  Simd_3DNow.cpp
idlib\math\Simd_3DNow.cpp(2): warning C4627: '#include "../precompiled.h"': skipped when looking for precompiled header use
          Add directive to 'precompiled header (.h) file' or rebuild precompiled header
  Simd_MMX.cpp
idlib\math\Simd_MMX.cpp(1): warning C4627: '#include "../precompiled.h"': skipped when looking for precompiled header use
          Add directive to 'precompiled header (.h) file' or rebuild precompiled header
  Simd_SSE.cpp
idlib\math\Simd_SSE.cpp(1): warning C4627: '#include "../precompiled.h"': skipped when looking for precompiled header use
          Add directive to 'precompiled header (.h) file' or rebuild precompiled header
  Simd_SSE2.cpp
idlib\math\Simd_SSE2.cpp(2): warning C4627: '#include "../precompiled.h"': skipped when looking for precompiled header use
          Add directive to 'precompiled header (.h) file' or rebuild precompiled header
  Simd_SSE3.cpp
idlib\math\Simd_SSE3.cpp(2): warning C4627: '#include "../precompiled.h"': skipped when looking for precompiled header use
          Add directive to 'precompiled header (.h) file' or rebuild precompiled header
  Simd_generic.cpp
idlib\math\Simd_generic.cpp(2): warning C4627: '#include "../precompiled.h"': skipped when looking for precompiled header use
          Add directive to 'precompiled header (.h) file' or rebuild precompiled header
  Vector.cpp
idlib\math\Vector.cpp(2): warning C4627: '#include "../precompiled.h"': skipped when looking for precompiled header use
          Add directive to 'precompiled header (.h) file' or rebuild precompiled header
  rvHeap.cpp
idlib\rvHeap.cpp(7): warning C4627: '#include "../idlib/precompiled.h"': skipped when looking for precompiled header use
          Add directive to 'precompiled header (.h) file' or rebuild precompiled header
  rvHeapArena.cpp
idlib\rvHeapArena.cpp(7): warning C4627: '#include "../idlib/precompiled.h"': skipped when looking for precompiled header use
          Add directive to 'precompiled header (.h) file' or rebuild precompiled header
  rvMemSys.cpp
idlib\rvMemSys.cpp(7): warning C4627: '#include "../idlib/precompiled.h"': skipped when looking for precompiled header use
          Add directive to 'precompiled header (.h) file' or rebuild precompiled header
  Generating Code...
c:\users\k\git\q4\game-mod-q4\idlib\math\simd_sse.cpp(2737): warning C4740: flow in or out of inline asm code suppresses global optimization
c:\users\k\git\q4\game-mod-q4\idlib\math\simd_sse.cpp(2748): warning C4740: flow in or out of inline asm code suppresses global optimization
c:\users\k\git\q4\game-mod-q4\idlib\math\simd_sse.cpp(2759): warning C4740: flow in or out of inline asm code suppresses global optimization
c:\users\k\git\q4\game-mod-q4\idlib\math\simd_sse.cpp(2770): warning C4740: flow in or out of inline asm code suppresses global optimization
c:\users\k\git\q4\game-mod-q4\idlib\math\simd_sse.cpp(2781): warning C4740: flow in or out of inline asm code suppresses global optimization
c:\users\k\git\q4\game-mod-q4\idlib\math\simd_sse.cpp(2792): warning C4740: flow in or out of inline asm code suppresses global optimization
c:\users\k\git\q4\game-mod-q4\idlib\math\simd_sse.cpp(2803): warning C4740: flow in or out of inline asm code suppresses global optimization
c:\users\k\git\q4\game-mod-q4\idlib\math\simd_sse.cpp(2814): warning C4740: flow in or out of inline asm code suppresses global optimization
  idlib.vcxproj -> C:\Users\K\git\Q4\Game-Mod-Q4\../Win32/Release\idLib.lib
